<?xml version="1.0" encoding="UTF-8"?>
<coverage generated="1589499417815" clover="3.2.0">
  <project timestamp="1589499417815" name="All files">
    <metrics statements="9928" coveredstatements="1018" conditionals="5513" coveredconditionals="252" methods="1435" coveredmethods="76" elements="16876" coveredelements="1346" complexity="0" loc="9928" ncloc="9928" packages="1" files="4" classes="4"/>
    <file name="leaflet-src.js" path="C:\Users\Ahmad\Desktop\work\Web-Map-Custom-Element\dist\leaflet-src.js">
      <metrics statements="4599" coveredstatements="404" conditionals="2889" coveredconditionals="100" methods="886" coveredmethods="28"/>
      <line num="6" count="1" type="stmt"/>
      <line num="7" count="1" type="cond" truecount="3" falsecount="1"/>
      <line num="12" count="1" type="stmt"/>
      <line num="20" count="1" type="stmt"/>
      <line num="21" count="7" type="stmt"/>
      <line num="28" count="101" type="stmt"/>
      <line num="29" count="107" type="stmt"/>
      <line num="30" count="107" type="stmt"/>
      <line num="31" count="884" type="stmt"/>
      <line num="34" count="101" type="stmt"/>
      <line num="39" count="1" type="cond" truecount="1" falsecount="1"/>
      <line num="41" count="0" type="stmt"/>
      <line num="42" count="0" type="stmt"/>
      <line num="43" count="0" type="stmt"/>
      <line num="51" count="0" type="stmt"/>
      <line num="53" count="0" type="cond" truecount="0" falsecount="2"/>
      <line num="54" count="0" type="stmt"/>
      <line num="57" count="0" type="stmt"/>
      <line num="59" count="0" type="stmt"/>
      <line num="60" count="0" type="cond" truecount="0" falsecount="2"/>
      <line num="66" count="1" type="stmt"/>
      <line num="72" count="0" type="cond" truecount="0" falsecount="2"/>
      <line num="73" count="0" type="stmt"/>
      <line num="87" count="0" type="stmt"/>
      <line num="89" count="0" type="stmt"/>
      <line num="90" count="0" type="cond" truecount="0" falsecount="2"/>
      <line num="91" count="0" type="stmt"/>
      <line num="92" count="0" type="stmt"/>
      <line num="96" count="0" type="stmt"/>
      <line num="97" count="0" type="cond" truecount="0" falsecount="2"/>
      <line num="99" count="0" type="stmt"/>
      <line num="103" count="0" type="stmt"/>
      <line num="104" count="0" type="stmt"/>
      <line num="105" count="0" type="stmt"/>
      <line num="109" count="0" type="stmt"/>
      <line num="117" count="0" type="stmt"/>
      <line num="118" count="0" type="stmt"/>
      <line num="119" count="0" type="stmt"/>
      <line num="120" count="0" type="cond" truecount="0" falsecount="4"/>
      <line num="125" count="0" type="stmt"/>
      <line num="130" count="0" type="cond" truecount="0" falsecount="2"/>
      <line num="131" count="0" type="stmt"/>
      <line num="137" count="0" type="cond" truecount="0" falsecount="2"/>
      <line num="143" count="0" type="stmt"/>
      <line num="149" count="1" type="cond" truecount="1" falsecount="1"/>
      <line num="150" count="1" type="cond" truecount="1" falsecount="1"/>
      <line num="152" count="1" type="stmt"/>
      <line num="153" count="0" type="stmt"/>
      <line num="155" count="1" type="stmt"/>
      <line num="164" count="0" type="stmt"/>
      <line num="165" count="0" type="stmt"/>
      <line num="166" count="0" type="cond" truecount="0" falsecount="2"/>
      <line num="168" count="0" type="cond" truecount="0" falsecount="4"/>
      <line num="171" count="1" type="stmt"/>
      <line num="179" count="0" type="stmt"/>
      <line num="180" count="0" type="stmt"/>
      <line num="182" count="0" type="cond" truecount="0" falsecount="2"/>
      <line num="183" count="0" type="stmt"/>
      <line num="185" count="0" type="cond" truecount="0" falsecount="2"/>
      <line num="186" count="0" type="stmt"/>
      <line num="188" count="0" type="stmt"/>
      <line num="194" count="1" type="cond" truecount="1" falsecount="1"/>
      <line num="195" count="0" type="stmt"/>
      <line num="201" count="0" type="stmt"/>
      <line num="202" count="0" type="cond" truecount="0" falsecount="2"/>
      <line num="204" count="0" type="stmt"/>
      <line num="211" count="1" type="stmt"/>
      <line num="216" count="0" type="cond" truecount="0" falsecount="3"/>
      <line num="219" count="1" type="stmt"/>
      <line num="223" count="0" type="stmt"/>
      <line num="224" count="0" type="stmt"/>
      <line num="226" count="0" type="stmt"/>
      <line num="227" count="0" type="stmt"/>
      <line num="230" count="1" type="cond" truecount="1" falsecount="2"/>
      <line num="231" count="1" type="cond" truecount="1" falsecount="3"/>
      <line num="232" count="0" type="stmt"/>
      <line num="241" count="0" type="cond" truecount="0" falsecount="4"/>
      <line num="242" count="0" type="stmt"/>
      <line num="244" count="0" type="stmt"/>
      <line num="251" count="0" type="cond" truecount="0" falsecount="2"/>
      <line num="252" count="0" type="stmt"/>
      <line num="257" count="1" type="cond" truecount="1" falsecount="1"/>
      <line num="292" count="1" type="stmt"/>
      <line num="297" count="44" type="stmt"/>
      <line num="300" count="1" type="cond" truecount="1" falsecount="1"/>
      <line num="301" count="1" type="stmt"/>
      <line num="305" count="1" type="stmt"/>
      <line num="308" count="44" type="stmt"/>
      <line num="310" count="44" type="stmt"/>
      <line num="311" count="44" type="stmt"/>
      <line num="313" count="44" type="stmt"/>
      <line num="316" count="44" type="stmt"/>
      <line num="317" count="226" type="cond" truecount="5" falsecount="0"/>
      <line num="318" count="186" type="stmt"/>
      <line num="323" count="44" type="cond" truecount="1" falsecount="1"/>
      <line num="324" count="0" type="stmt"/>
      <line num="325" count="0" type="stmt"/>
      <line num="329" count="44" type="cond" truecount="1" falsecount="1"/>
      <line num="330" count="0" type="stmt"/>
      <line num="331" count="0" type="stmt"/>
      <line num="332" count="0" type="stmt"/>
      <line num="336" count="44" type="cond" truecount="2" falsecount="0"/>
      <line num="337" count="28" type="stmt"/>
      <line num="341" count="44" type="stmt"/>
      <line num="343" count="44" type="stmt"/>
      <line num="346" count="44" type="stmt"/>
      <line num="348" count="2" type="cond" truecount="1" falsecount="1"/>
      <line num="350" count="2" type="cond" truecount="2" falsecount="0"/>
      <line num="351" count="1" type="stmt"/>
      <line num="354" count="2" type="stmt"/>
      <line num="356" count="2" type="stmt"/>
      <line num="357" count="0" type="stmt"/>
      <line num="361" count="44" type="stmt"/>
      <line num="367" count="1" type="stmt"/>
      <line num="368" count="13" type="stmt"/>
      <line num="369" count="13" type="stmt"/>
      <line num="374" count="1" type="stmt"/>
      <line num="375" count="10" type="stmt"/>
      <line num="376" count="10" type="stmt"/>
      <line num="381" count="1" type="stmt"/>
      <line num="382" count="8" type="stmt"/>
      <line num="384" count="8" type="cond" truecount="2" falsecount="0"/>
      <line num="385" count="0" type="stmt"/>
      <line num="388" count="8" type="cond" truecount="1" falsecount="1"/>
      <line num="389" count="8" type="stmt"/>
      <line num="390" count="8" type="stmt"/>
      <line num="394" count="0" type="cond" truecount="0" falsecount="5"/>
      <line num="396" count="0" type="cond" truecount="0" falsecount="2"/>
      <line num="398" count="0" type="stmt"/>
      <line num="399" count="0" type="cond" truecount="0" falsecount="2"/>
      <line num="400" count="0" type="stmt"/>
      <line num="432" count="1" type="stmt"/>
      <line num="443" count="0" type="cond" truecount="0" falsecount="2"/>
      <line num="444" count="0" type="stmt"/>
      <line num="447" count="0" type="stmt"/>
      <line num="452" count="0" type="stmt"/>
      <line num="454" count="0" type="stmt"/>
      <line num="455" count="0" type="stmt"/>
      <line num="459" count="0" type="stmt"/>
      <line num="475" count="0" type="cond" truecount="0" falsecount="2"/>
      <line num="477" count="0" type="stmt"/>
      <line num="479" count="0" type="cond" truecount="0" falsecount="2"/>
      <line num="480" count="0" type="stmt"/>
      <line num="481" count="0" type="stmt"/>
      <line num="485" count="0" type="stmt"/>
      <line num="487" count="0" type="stmt"/>
      <line num="488" count="0" type="stmt"/>
      <line num="492" count="0" type="stmt"/>
      <line num="497" count="0" type="cond" truecount="0" falsecount="2"/>
      <line num="500" count="0" type="stmt"/>
      <line num="501" count="0" type="cond" truecount="0" falsecount="2"/>
      <line num="502" count="0" type="stmt"/>
      <line num="503" count="0" type="stmt"/>
      <line num="506" count="0" type="cond" truecount="0" falsecount="2"/>
      <line num="508" count="0" type="stmt"/>
      <line num="510" count="0" type="stmt"/>
      <line num="511" count="0" type="stmt"/>
      <line num="514" count="0" type="stmt"/>
      <line num="515" count="0" type="cond" truecount="0" falsecount="4"/>
      <line num="516" count="0" type="stmt"/>
      <line num="520" count="0" type="stmt"/>
      <line num="528" count="0" type="cond" truecount="0" falsecount="2"/>
      <line num="530" count="0" type="stmt"/>
      <line num="532" count="0" type="cond" truecount="0" falsecount="2"/>
      <line num="533" count="0" type="stmt"/>
      <line num="536" count="0" type="cond" truecount="0" falsecount="2"/>
      <line num="538" count="0" type="stmt"/>
      <line num="539" count="0" type="stmt"/>
      <line num="542" count="0" type="stmt"/>
      <line num="543" count="0" type="stmt"/>
      <line num="546" count="0" type="cond" truecount="0" falsecount="2"/>
      <line num="547" count="0" type="stmt"/>
      <line num="550" count="0" type="cond" truecount="0" falsecount="2"/>
      <line num="553" count="0" type="stmt"/>
      <line num="554" count="0" type="stmt"/>
      <line num="555" count="0" type="cond" truecount="0" falsecount="2"/>
      <line num="556" count="0" type="cond" truecount="0" falsecount="2"/>
      <line num="559" count="0" type="stmt"/>
      <line num="561" count="0" type="cond" truecount="0" falsecount="2"/>
      <line num="563" count="0" type="stmt"/>
      <line num="565" count="0" type="stmt"/>
      <line num="567" count="0" type="stmt"/>
      <line num="578" count="0" type="cond" truecount="0" falsecount="2"/>
      <line num="580" count="0" type="stmt"/>
      <line num="586" count="0" type="cond" truecount="0" falsecount="2"/>
      <line num="587" count="0" type="stmt"/>
      <line num="589" count="0" type="cond" truecount="0" falsecount="2"/>
      <line num="590" count="0" type="cond" truecount="0" falsecount="2"/>
      <line num="591" count="0" type="stmt"/>
      <line num="592" count="0" type="stmt"/>
      <line num="593" count="0" type="cond" truecount="0" falsecount="2"/>
      <line num="596" count="0" type="stmt"/>
      <line num="600" count="0" type="cond" truecount="0" falsecount="2"/>
      <line num="602" count="0" type="stmt"/>
      <line num="605" count="0" type="stmt"/>
      <line num="611" count="0" type="cond" truecount="0" falsecount="2"/>
      <line num="612" count="0" type="cond" truecount="0" falsecount="4"/>
      <line num="614" count="0" type="cond" truecount="0" falsecount="2"/>
      <line num="616" count="0" type="stmt"/>
      <line num="617" count="0" type="cond" truecount="0" falsecount="2"/>
      <line num="620" count="0" type="stmt"/>
      <line num="627" count="0" type="cond" truecount="0" falsecount="2"/>
      <line num="628" count="0" type="stmt"/>
      <line num="629" count="0" type="stmt"/>
      <line num="631" count="0" type="stmt"/>
      <line num="634" count="0" type="stmt"/>
      <line num="635" count="0" type="stmt"/>
      <line num="641" count="0" type="stmt"/>
      <line num="649" count="0" type="cond" truecount="0" falsecount="2"/>
      <line num="650" count="0" type="stmt"/>
      <line num="651" count="0" type="stmt"/>
      <line num="657" count="0" type="cond" truecount="0" falsecount="2"/>
      <line num="658" count="0" type="stmt"/>
      <line num="660" count="0" type="stmt"/>
      <line num="664" count="0" type="stmt"/>
      <line num="665" count="0" type="stmt"/>
      <line num="677" count="1" type="stmt"/>
      <line num="684" count="1" type="stmt"/>
      <line num="688" count="1" type="stmt"/>
      <line num="692" count="1" type="stmt"/>
      <line num="696" count="1" type="stmt"/>
      <line num="698" count="1" type="stmt"/>
      <line num="726" count="12" type="cond" truecount="1" falsecount="1"/>
      <line num="728" count="12" type="cond" truecount="1" falsecount="1"/>
      <line num="731" count="1" type="cond" truecount="1" falsecount="1"/>
      <line num="732" count="0" type="cond" truecount="0" falsecount="2"/>
      <line num="735" count="1" type="stmt"/>
      <line num="740" count="6" type="stmt"/>
      <line num="747" count="0" type="stmt"/>
      <line num="752" count="0" type="stmt"/>
      <line num="753" count="0" type="stmt"/>
      <line num="754" count="0" type="stmt"/>
      <line num="760" count="0" type="stmt"/>
      <line num="764" count="0" type="stmt"/>
      <line num="765" count="0" type="stmt"/>
      <line num="766" count="0" type="stmt"/>
      <line num="772" count="0" type="stmt"/>
      <line num="776" count="0" type="stmt"/>
      <line num="777" count="0" type="stmt"/>
      <line num="778" count="0" type="stmt"/>
      <line num="784" count="0" type="stmt"/>
      <line num="788" count="0" type="stmt"/>
      <line num="789" count="0" type="stmt"/>
      <line num="790" count="0" type="stmt"/>
      <line num="799" count="0" type="stmt"/>
      <line num="806" count="0" type="stmt"/>
      <line num="812" count="0" type="stmt"/>
      <line num="816" count="0" type="stmt"/>
      <line num="817" count="0" type="stmt"/>
      <line num="818" count="0" type="stmt"/>
      <line num="824" count="0" type="stmt"/>
      <line num="828" count="0" type="stmt"/>
      <line num="829" count="0" type="stmt"/>
      <line num="830" count="0" type="stmt"/>
      <line num="836" count="0" type="stmt"/>
      <line num="840" count="0" type="stmt"/>
      <line num="841" count="0" type="stmt"/>
      <line num="842" count="0" type="stmt"/>
      <line num="848" count="0" type="stmt"/>
      <line num="852" count="0" type="stmt"/>
      <line num="853" count="0" type="stmt"/>
      <line num="854" count="0" type="stmt"/>
      <line num="860" count="0" type="stmt"/>
      <line num="862" count="0" type="stmt"/>
      <line num="863" count="0" type="stmt"/>
      <line num="865" count="0" type="stmt"/>
      <line num="871" count="0" type="stmt"/>
      <line num="873" count="0" type="cond" truecount="0" falsecount="2"/>
      <line num="880" count="0" type="stmt"/>
      <line num="882" count="0" type="cond" truecount="0" falsecount="2"/>
      <line num="889" count="0" type="stmt"/>
      <line num="906" count="6" type="cond" truecount="1" falsecount="1"/>
      <line num="907" count="0" type="stmt"/>
      <line num="909" count="6" type="cond" truecount="1" falsecount="1"/>
      <line num="910" count="6" type="stmt"/>
      <line num="912" count="0" type="cond" truecount="0" falsecount="4"/>
      <line num="913" count="0" type="stmt"/>
      <line num="915" count="0" type="cond" truecount="0" falsecount="5"/>
      <line num="916" count="0" type="stmt"/>
      <line num="918" count="0" type="stmt"/>
      <line num="947" count="3" type="cond" truecount="1" falsecount="1"/>
      <line num="949" count="3" type="cond" truecount="1" falsecount="1"/>
      <line num="951" count="3" type="stmt"/>
      <line num="952" count="6" type="stmt"/>
      <line num="956" count="1" type="stmt"/>
      <line num="960" count="6" type="stmt"/>
      <line num="966" count="6" type="cond" truecount="4" falsecount="0"/>
      <line num="967" count="3" type="stmt"/>
      <line num="968" count="3" type="stmt"/>
      <line num="970" count="3" type="stmt"/>
      <line num="971" count="3" type="stmt"/>
      <line num="972" count="3" type="stmt"/>
      <line num="973" count="3" type="stmt"/>
      <line num="975" count="6" type="stmt"/>
      <line num="981" count="0" type="stmt"/>
      <line num="989" count="0" type="stmt"/>
      <line num="995" count="0" type="stmt"/>
      <line num="1001" count="0" type="stmt"/>
      <line num="1007" count="0" type="stmt"/>
      <line num="1013" count="0" type="stmt"/>
      <line num="1024" count="0" type="cond" truecount="0" falsecount="4"/>
      <line num="1025" count="0" type="stmt"/>
      <line num="1027" count="0" type="stmt"/>
      <line num="1030" count="0" type="cond" truecount="0" falsecount="2"/>
      <line num="1031" count="0" type="stmt"/>
      <line num="1032" count="0" type="stmt"/>
      <line num="1034" count="0" type="stmt"/>
      <line num="1037" count="0" type="cond" truecount="0" falsecount="4"/>
      <line num="1047" count="0" type="stmt"/>
      <line num="1049" count="0" type="stmt"/>
      <line num="1050" count="0" type="stmt"/>
      <line num="1051" count="0" type="stmt"/>
      <line num="1052" count="0" type="stmt"/>
      <line num="1053" count="0" type="cond" truecount="0" falsecount="2"/>
      <line num="1054" count="0" type="cond" truecount="0" falsecount="2"/>
      <line num="1056" count="0" type="cond" truecount="0" falsecount="2"/>
      <line num="1063" count="0" type="stmt"/>
      <line num="1065" count="0" type="stmt"/>
      <line num="1066" count="0" type="stmt"/>
      <line num="1067" count="0" type="stmt"/>
      <line num="1068" count="0" type="stmt"/>
      <line num="1069" count="0" type="cond" truecount="0" falsecount="2"/>
      <line num="1070" count="0" type="cond" truecount="0" falsecount="2"/>
      <line num="1072" count="0" type="cond" truecount="0" falsecount="2"/>
      <line num="1076" count="0" type="cond" truecount="0" falsecount="2"/>
      <line num="1087" count="0" type="cond" truecount="0" falsecount="4"/>
      <line num="1088" count="0" type="stmt"/>
      <line num="1090" count="0" type="stmt"/>
      <line num="1124" count="0" type="cond" truecount="0" falsecount="2"/>
      <line num="1126" count="0" type="cond" truecount="0" falsecount="2"/>
      <line num="1128" count="0" type="stmt"/>
      <line num="1129" count="0" type="stmt"/>
      <line num="1133" count="1" type="stmt"/>
      <line num="1142" count="0" type="stmt"/>
      <line num="1143" count="0" type="stmt"/>
      <line num="1146" count="0" type="cond" truecount="0" falsecount="2"/>
      <line num="1147" count="0" type="stmt"/>
      <line num="1148" count="0" type="stmt"/>
      <line num="1150" count="0" type="cond" truecount="0" falsecount="2"/>
      <line num="1151" count="0" type="stmt"/>
      <line num="1152" count="0" type="stmt"/>
      <line num="1154" count="0" type="cond" truecount="0" falsecount="4"/>
      <line num="1157" count="0" type="cond" truecount="0" falsecount="4"/>
      <line num="1160" count="0" type="cond" truecount="0" falsecount="4"/>
      <line num="1161" count="0" type="stmt"/>
      <line num="1162" count="0" type="stmt"/>
      <line num="1164" count="0" type="stmt"/>
      <line num="1165" count="0" type="stmt"/>
      <line num="1166" count="0" type="stmt"/>
      <line num="1167" count="0" type="stmt"/>
      <line num="1170" count="0" type="stmt"/>
      <line num="1178" count="0" type="stmt"/>
      <line num="1179" count="0" type="stmt"/>
      <line num="1180" count="0" type="stmt"/>
      <line num="1181" count="0" type="stmt"/>
      <line num="1183" count="0" type="stmt"/>
      <line num="1191" count="0" type="stmt"/>
      <line num="1199" count="0" type="stmt"/>
      <line num="1205" count="0" type="stmt"/>
      <line num="1211" count="0" type="stmt"/>
      <line num="1217" count="0" type="stmt"/>
      <line num="1223" count="0" type="stmt"/>
      <line num="1229" count="0" type="stmt"/>
      <line num="1235" count="0" type="stmt"/>
      <line num="1241" count="0" type="stmt"/>
      <line num="1251" count="0" type="cond" truecount="0" falsecount="5"/>
      <line num="1252" count="0" type="stmt"/>
      <line num="1254" count="0" type="stmt"/>
      <line num="1257" count="0" type="stmt"/>
      <line num="1258" count="0" type="stmt"/>
      <line num="1261" count="0" type="cond" truecount="0" falsecount="2"/>
      <line num="1262" count="0" type="stmt"/>
      <line num="1263" count="0" type="stmt"/>
      <line num="1265" count="0" type="stmt"/>
      <line num="1268" count="0" type="cond" truecount="0" falsecount="4"/>
      <line num="1275" count="0" type="stmt"/>
      <line num="1277" count="0" type="stmt"/>
      <line num="1278" count="0" type="stmt"/>
      <line num="1279" count="0" type="stmt"/>
      <line num="1280" count="0" type="stmt"/>
      <line num="1282" count="0" type="cond" truecount="0" falsecount="2"/>
      <line num="1283" count="0" type="cond" truecount="0" falsecount="2"/>
      <line num="1285" count="0" type="cond" truecount="0" falsecount="2"/>
      <line num="1291" count="0" type="stmt"/>
      <line num="1293" count="0" type="stmt"/>
      <line num="1294" count="0" type="stmt"/>
      <line num="1295" count="0" type="stmt"/>
      <line num="1296" count="0" type="stmt"/>
      <line num="1298" count="0" type="cond" truecount="0" falsecount="2"/>
      <line num="1299" count="0" type="cond" truecount="0" falsecount="2"/>
      <line num="1301" count="0" type="cond" truecount="0" falsecount="2"/>
      <line num="1307" count="0" type="stmt"/>
      <line num="1313" count="0" type="cond" truecount="0" falsecount="2"/>
      <line num="1315" count="0" type="stmt"/>
      <line num="1317" count="0" type="cond" truecount="0" falsecount="2"/>
      <line num="1324" count="0" type="cond" truecount="0" falsecount="2"/>
      <line num="1337" count="0" type="cond" truecount="0" falsecount="2"/>
      <line num="1338" count="0" type="stmt"/>
      <line num="1340" count="0" type="stmt"/>
      <line num="1369" count="0" type="cond" truecount="0" falsecount="4"/>
      <line num="1370" count="0" type="stmt"/>
      <line num="1375" count="0" type="stmt"/>
      <line num="1379" count="0" type="stmt"/>
      <line num="1383" count="0" type="cond" truecount="0" falsecount="2"/>
      <line num="1384" count="0" type="stmt"/>
      <line num="1388" count="1" type="stmt"/>
      <line num="1392" count="0" type="cond" truecount="0" falsecount="2"/>
      <line num="1394" count="0" type="stmt"/>
      <line num="1396" count="0" type="stmt"/>
      <line num="1400" count="0" type="cond" truecount="0" falsecount="2"/>
      <line num="1406" count="0" type="stmt"/>
      <line num="1414" count="0" type="stmt"/>
      <line num="1420" count="0" type="stmt"/>
      <line num="1426" count="0" type="stmt"/>
      <line num="1427" count="0" type="stmt"/>
      <line num="1429" count="0" type="stmt"/>
      <line num="1435" count="0" type="stmt"/>
      <line num="1453" count="0" type="cond" truecount="0" falsecount="2"/>
      <line num="1454" count="0" type="stmt"/>
      <line num="1456" count="0" type="cond" truecount="0" falsecount="4"/>
      <line num="1457" count="0" type="cond" truecount="0" falsecount="2"/>
      <line num="1458" count="0" type="stmt"/>
      <line num="1460" count="0" type="cond" truecount="0" falsecount="2"/>
      <line num="1461" count="0" type="stmt"/>
      <line num="1463" count="0" type="stmt"/>
      <line num="1465" count="0" type="cond" truecount="0" falsecount="4"/>
      <line num="1466" count="0" type="stmt"/>
      <line num="1468" count="0" type="cond" truecount="0" falsecount="4"/>
      <line num="1469" count="0" type="cond" truecount="0" falsecount="2"/>
      <line num="1471" count="0" type="cond" truecount="0" falsecount="2"/>
      <line num="1472" count="0" type="stmt"/>
      <line num="1474" count="0" type="stmt"/>
      <line num="1494" count="1" type="stmt"/>
      <line num="1498" count="0" type="stmt"/>
      <line num="1499" count="0" type="stmt"/>
      <line num="1501" count="0" type="stmt"/>
      <line num="1508" count="0" type="stmt"/>
      <line num="1509" count="0" type="stmt"/>
      <line num="1511" count="0" type="stmt"/>
      <line num="1518" count="0" type="stmt"/>
      <line num="1525" count="0" type="stmt"/>
      <line num="1533" count="0" type="stmt"/>
      <line num="1540" count="0" type="stmt"/>
      <line num="1546" count="0" type="cond" truecount="0" falsecount="2"/>
      <line num="1548" count="0" type="stmt"/>
      <line num="1549" count="0" type="stmt"/>
      <line num="1550" count="0" type="stmt"/>
      <line num="1551" count="0" type="stmt"/>
      <line num="1553" count="0" type="stmt"/>
      <line num="1581" count="0" type="cond" truecount="0" falsecount="2"/>
      <line num="1582" count="0" type="cond" truecount="0" falsecount="2"/>
      <line num="1583" count="0" type="stmt"/>
      <line num="1585" count="0" type="stmt"/>
      <line num="1593" count="0" type="stmt"/>
      <line num="1594" count="0" type="stmt"/>
      <line num="1595" count="0" type="stmt"/>
      <line num="1596" count="0" type="stmt"/>
      <line num="1598" count="0" type="cond" truecount="0" falsecount="4"/>
      <line num="1599" count="0" type="stmt"/>
      <line num="1602" count="0" type="stmt"/>
      <line num="1603" count="0" type="stmt"/>
      <line num="1604" count="0" type="stmt"/>
      <line num="1605" count="0" type="stmt"/>
      <line num="1607" count="0" type="stmt"/>
      <line num="1621" count="1" type="stmt"/>
      <line num="1631" count="0" type="stmt"/>
      <line num="1632" count="0" type="stmt"/>
      <line num="1633" count="0" type="stmt"/>
      <line num="1634" count="0" type="stmt"/>
      <line num="1635" count="0" type="stmt"/>
      <line num="1636" count="0" type="stmt"/>
      <line num="1637" count="0" type="stmt"/>
      <line num="1638" count="0" type="stmt"/>
      <line num="1651" count="1" type="stmt"/>
      <line num="1653" count="1" type="stmt"/>
      <line num="1659" count="0" type="stmt"/>
      <line num="1660" count="0" type="stmt"/>
      <line num="1661" count="0" type="stmt"/>
      <line num="1662" count="0" type="stmt"/>
      <line num="1664" count="0" type="stmt"/>
      <line num="1670" count="0" type="stmt"/>
      <line num="1672" count="0" type="stmt"/>
      <line num="1678" count="1" type="stmt"/>
      <line num="1679" count="1" type="stmt"/>
      <line num="1705" count="4" type="cond" truecount="1" falsecount="1"/>
      <line num="1707" count="0" type="stmt"/>
      <line num="1708" count="0" type="stmt"/>
      <line num="1709" count="0" type="stmt"/>
      <line num="1710" count="0" type="stmt"/>
      <line num="1711" count="0" type="stmt"/>
      <line num="1713" count="4" type="stmt"/>
      <line num="1714" count="4" type="stmt"/>
      <line num="1715" count="4" type="stmt"/>
      <line num="1716" count="4" type="stmt"/>
      <line num="1719" count="1" type="stmt"/>
      <line num="1724" count="0" type="stmt"/>
      <line num="1729" count="0" type="cond" truecount="0" falsecount="2"/>
      <line num="1730" count="0" type="stmt"/>
      <line num="1731" count="0" type="stmt"/>
      <line num="1732" count="0" type="stmt"/>
      <line num="1739" count="0" type="cond" truecount="0" falsecount="2"/>
      <line num="1740" count="0" type="stmt"/>
      <line num="1757" count="4" type="stmt"/>
      <line num="1769" count="1" type="stmt"/>
      <line num="1774" count="1" type="stmt"/>
      <line num="1775" count="1" type="stmt"/>
      <line num="1779" count="1" type="stmt"/>
      <line num="1791" count="1" type="stmt"/>
      <line num="1798" count="0" type="stmt"/>
      <line num="1801" count="0" type="stmt"/>
      <line num="1802" count="0" type="stmt"/>
      <line num="1804" count="0" type="stmt"/>
      <line num="1805" count="0" type="stmt"/>
      <line num="1806" count="0" type="cond" truecount="0" falsecount="2"/>
      <line num="1810" count="0" type="cond" truecount="0" falsecount="4"/>
      <line num="1814" count="0" type="cond" truecount="0" falsecount="2"/>
      <line num="1832" count="1" type="stmt"/>
      <line num="1835" count="1" type="stmt"/>
      <line num="1838" count="1" type="cond" truecount="1" falsecount="1"/>
      <line num="1841" count="1" type="cond" truecount="1" falsecount="1"/>
      <line num="1845" count="1" type="stmt"/>
      <line num="1849" count="1" type="stmt"/>
      <line num="1852" count="1" type="cond" truecount="2" falsecount="0"/>
      <line num="1855" count="1" type="stmt"/>
      <line num="1857" count="1" type="cond" truecount="1" falsecount="3"/>
      <line num="1860" count="1" type="stmt"/>
      <line num="1863" count="1" type="stmt"/>
      <line num="1866" count="1" type="cond" truecount="2" falsecount="2"/>
      <line num="1869" count="1" type="cond" truecount="2" falsecount="0"/>
      <line num="1871" count="1" type="stmt"/>
      <line num="1875" count="1" type="stmt"/>
      <line num="1878" count="1" type="stmt"/>
      <line num="1881" count="1" type="cond" truecount="1" falsecount="1"/>
      <line num="1884" count="1" type="cond" truecount="1" falsecount="2"/>
      <line num="1887" count="1" type="stmt"/>
      <line num="1891" count="1" type="cond" truecount="4" falsecount="2"/>
      <line num="1894" count="1" type="cond" truecount="2" falsecount="0"/>
      <line num="1897" count="1" type="cond" truecount="1" falsecount="1"/>
      <line num="1901" count="1" type="cond" truecount="1" falsecount="1"/>
      <line num="1905" count="1" type="cond" truecount="2" falsecount="0"/>
      <line num="1909" count="1" type="cond" truecount="1" falsecount="3"/>
      <line num="1916" count="1" type="cond" truecount="4" falsecount="1"/>
      <line num="1920" count="1" type="cond" truecount="1" falsecount="1"/>
      <line num="1924" count="1" type="cond" truecount="1" falsecount="1"/>
      <line num="1928" count="1" type="cond" truecount="1" falsecount="1"/>
      <line num="1932" count="1" type="stmt"/>
      <line num="1933" count="0" type="stmt"/>
      <line num="1934" count="0" type="stmt"/>
      <line num="1935" count="0" type="stmt"/>
      <line num="1937" count="0" type="stmt"/>
      <line num="1940" count="0" type="stmt"/>
      <line num="1941" count="0" type="stmt"/>
      <line num="1945" count="0" type="stmt"/>
      <line num="1950" count="1" type="stmt"/>
      <line num="1951" count="1" type="stmt"/>
      <line num="1956" count="1" type="cond" truecount="2" falsecount="0"/>
      <line num="1960" count="1" type="cond" truecount="2" falsecount="0"/>
      <line num="1961" count="1" type="stmt"/>
      <line num="1962" count="1" type="stmt"/>
      <line num="1963" count="1" type="stmt"/>
      <line num="1965" count="1" type="stmt"/>
      <line num="1966" count="1" type="stmt"/>
      <line num="1968" count="1" type="cond" truecount="2" falsecount="0"/>
      <line num="1971" count="0" type="stmt"/>
      <line num="1977" count="9" type="stmt"/>
      <line num="1981" count="1" type="cond" truecount="1" falsecount="1"/>
      <line num="2020" count="1" type="cond" truecount="1" falsecount="1"/>
      <line num="2021" count="1" type="cond" truecount="1" falsecount="1"/>
      <line num="2022" count="1" type="cond" truecount="1" falsecount="1"/>
      <line num="2023" count="1" type="cond" truecount="1" falsecount="1"/>
      <line num="2024" count="1" type="stmt"/>
      <line num="2026" count="1" type="stmt"/>
      <line num="2027" count="1" type="stmt"/>
      <line num="2030" count="1" type="stmt"/>
      <line num="2036" count="0" type="cond" truecount="0" falsecount="2"/>
      <line num="2037" count="0" type="stmt"/>
      <line num="2039" count="0" type="cond" truecount="0" falsecount="2"/>
      <line num="2040" count="0" type="stmt"/>
      <line num="2042" count="0" type="cond" truecount="0" falsecount="2"/>
      <line num="2043" count="0" type="stmt"/>
      <line num="2046" count="0" type="stmt"/>
      <line num="2050" count="0" type="stmt"/>
      <line num="2052" count="0" type="cond" truecount="0" falsecount="2"/>
      <line num="2053" count="0" type="stmt"/>
      <line num="2055" count="0" type="cond" truecount="0" falsecount="2"/>
      <line num="2056" count="0" type="stmt"/>
      <line num="2058" count="0" type="cond" truecount="0" falsecount="2"/>
      <line num="2059" count="0" type="stmt"/>
      <line num="2060" count="0" type="stmt"/>
      <line num="2063" count="0" type="stmt"/>
      <line num="2067" count="0" type="stmt"/>
      <line num="2068" count="0" type="cond" truecount="0" falsecount="5"/>
      <line num="2072" count="0" type="cond" truecount="0" falsecount="2"/>
      <line num="2073" count="0" type="stmt"/>
      <line num="2075" count="0" type="stmt"/>
      <line num="2079" count="0" type="stmt"/>
      <line num="2082" count="0" type="stmt"/>
      <line num="2083" count="0" type="stmt"/>
      <line num="2086" count="0" type="cond" truecount="0" falsecount="2"/>
      <line num="2088" count="0" type="stmt"/>
      <line num="2089" count="0" type="stmt"/>
      <line num="2090" count="0" type="stmt"/>
      <line num="2091" count="0" type="stmt"/>
      <line num="2093" count="0" type="stmt"/>
      <line num="2098" count="0" type="stmt"/>
      <line num="2099" count="0" type="stmt"/>
      <line num="2103" count="0" type="cond" truecount="0" falsecount="2"/>
      <line num="2104" count="0" type="stmt"/>
      <line num="2109" count="0" type="stmt"/>
      <line num="2110" count="0" type="stmt"/>
      <line num="2114" count="0" type="stmt"/>
      <line num="2115" count="0" type="stmt"/>
      <line num="2116" count="0" type="stmt"/>
      <line num="2118" count="0" type="stmt"/>
      <line num="2120" count="0" type="stmt"/>
      <line num="2124" count="0" type="stmt"/>
      <line num="2126" count="0" type="cond" truecount="0" falsecount="5"/>
      <line num="2128" count="0" type="stmt"/>
      <line num="2131" count="0" type="stmt"/>
      <line num="2132" count="0" type="stmt"/>
      <line num="2136" count="0" type="stmt"/>
      <line num="2137" count="0" type="stmt"/>
      <line num="2140" count="0" type="stmt"/>
      <line num="2141" count="0" type="stmt"/>
      <line num="2142" count="0" type="stmt"/>
      <line num="2149" count="1" type="cond" truecount="2" falsecount="2"/>
      <line num="2150" count="1" type="cond" truecount="2" falsecount="2"/>
      <line num="2151" count="1" type="stmt"/>
      <line num="2156" count="0" type="stmt"/>
      <line num="2157" count="0" type="stmt"/>
      <line num="2162" count="0" type="cond" truecount="0" falsecount="2"/>
      <line num="2163" count="0" type="cond" truecount="0" falsecount="4"/>
      <line num="2164" count="0" type="stmt"/>
      <line num="2166" count="0" type="stmt"/>
      <line num="2169" count="0" type="cond" truecount="0" falsecount="2"/>
      <line num="2171" count="0" type="stmt"/>
      <line num="2172" count="0" type="cond" truecount="0" falsecount="2"/>
      <line num="2174" count="0" type="cond" truecount="0" falsecount="2"/>
      <line num="2175" count="0" type="cond" truecount="0" falsecount="2"/>
      <line num="2176" count="0" type="stmt"/>
      <line num="2180" count="0" type="cond" truecount="0" falsecount="4"/>
      <line num="2181" count="0" type="cond" truecount="0" falsecount="2"/>
      <line num="2182" count="0" type="cond" truecount="0" falsecount="4"/>
      <line num="2184" count="0" type="stmt"/>
      <line num="2187" count="0" type="stmt"/>
      <line num="2188" count="0" type="stmt"/>
      <line num="2189" count="0" type="cond" truecount="0" falsecount="4"/>
      <line num="2191" count="0" type="stmt"/>
      <line num="2193" count="0" type="stmt"/>
      <line num="2194" count="0" type="stmt"/>
      <line num="2195" count="0" type="stmt"/>
      <line num="2196" count="0" type="stmt"/>
      <line num="2200" count="0" type="stmt"/>
      <line num="2201" count="0" type="stmt"/>
      <line num="2202" count="0" type="stmt"/>
      <line num="2204" count="0" type="cond" truecount="0" falsecount="2"/>
      <line num="2205" count="0" type="cond" truecount="0" falsecount="2"/>
      <line num="2211" count="0" type="stmt"/>
      <line num="2213" count="0" type="stmt"/>
      <line num="2217" count="0" type="stmt"/>
      <line num="2218" count="0" type="stmt"/>
      <line num="2219" count="0" type="stmt"/>
      <line num="2221" count="0" type="cond" truecount="0" falsecount="2"/>
      <line num="2222" count="0" type="cond" truecount="0" falsecount="2"/>
      <line num="2223" count="0" type="cond" truecount="0" falsecount="2"/>
      <line num="2224" count="0" type="stmt"/>
      <line num="2227" count="0" type="stmt"/>
      <line num="2244" count="1" type="stmt"/>
      <line num="2252" count="1" type="stmt"/>
      <line num="2258" count="1" type="cond" truecount="2" falsecount="2"/>
      <line num="2265" count="0" type="cond" truecount="0" falsecount="2"/>
      <line num="2272" count="0" type="cond" truecount="0" falsecount="3"/>
      <line num="2274" count="0" type="cond" truecount="0" falsecount="5"/>
      <line num="2275" count="0" type="stmt"/>
      <line num="2276" count="0" type="cond" truecount="0" falsecount="2"/>
      <line num="2278" count="0" type="cond" truecount="0" falsecount="2"/>
      <line num="2284" count="0" type="stmt"/>
      <line num="2285" count="0" type="cond" truecount="0" falsecount="2"/>
      <line num="2287" count="0" type="cond" truecount="0" falsecount="2"/>
      <line num="2288" count="0" type="stmt"/>
      <line num="2290" count="0" type="stmt"/>
      <line num="2296" count="0" type="stmt"/>
      <line num="2297" count="0" type="cond" truecount="0" falsecount="2"/>
      <line num="2298" count="0" type="stmt"/>
      <line num="2305" count="0" type="stmt"/>
      <line num="2306" count="0" type="stmt"/>
      <line num="2313" count="0" type="stmt"/>
      <line num="2314" count="0" type="cond" truecount="0" falsecount="4"/>
      <line num="2315" count="0" type="stmt"/>
      <line num="2322" count="0" type="stmt"/>
      <line num="2323" count="0" type="cond" truecount="0" falsecount="4"/>
      <line num="2324" count="0" type="stmt"/>
      <line num="2331" count="0" type="cond" truecount="0" falsecount="2"/>
      <line num="2332" count="0" type="stmt"/>
      <line num="2334" count="0" type="stmt"/>
      <line num="2335" count="0" type="cond" truecount="0" falsecount="2"/>
      <line num="2341" count="0" type="cond" truecount="0" falsecount="2"/>
      <line num="2342" count="0" type="stmt"/>
      <line num="2343" count="0" type="stmt"/>
      <line num="2344" count="0" type="stmt"/>
      <line num="2346" count="0" type="cond" truecount="0" falsecount="2"/>
      <line num="2347" count="0" type="stmt"/>
      <line num="2348" count="0" type="cond" truecount="0" falsecount="2"/>
      <line num="2355" count="0" type="cond" truecount="0" falsecount="2"/>
      <line num="2356" count="0" type="stmt"/>
      <line num="2358" count="0" type="stmt"/>
      <line num="2365" count="0" type="cond" truecount="0" falsecount="2"/>
      <line num="2366" count="0" type="stmt"/>
      <line num="2369" count="0" type="stmt"/>
      <line num="2378" count="0" type="cond" truecount="0" falsecount="2"/>
      <line num="2379" count="0" type="stmt"/>
      <line num="2381" count="0" type="cond" truecount="0" falsecount="2"/>
      <line num="2388" count="0" type="cond" truecount="0" falsecount="2"/>
      <line num="2389" count="0" type="stmt"/>
      <line num="2390" count="0" type="cond" truecount="0" falsecount="2"/>
      <line num="2391" count="0" type="stmt"/>
      <line num="2396" count="0" type="stmt"/>
      <line num="2397" count="0" type="stmt"/>
      <line num="2400" count="0" type="stmt"/>
      <line num="2401" count="0" type="stmt"/>
      <line num="2405" count="0" type="cond" truecount="0" falsecount="2"/>
      <line num="2408" count="0" type="stmt"/>
      <line num="2410" count="0" type="cond" truecount="0" falsecount="2"/>
      <line num="2411" count="0" type="stmt"/>
      <line num="2412" count="0" type="stmt"/>
      <line num="2414" count="0" type="stmt"/>
      <line num="2423" count="3" type="stmt"/>
      <line num="2425" count="3" type="stmt"/>
      <line num="2426" count="3" type="cond" truecount="1" falsecount="1"/>
      <line num="2427" count="3" type="stmt"/>
      <line num="2430" count="0" type="stmt"/>
      <line num="2438" count="0" type="cond" truecount="0" falsecount="2"/>
      <line num="2440" count="0" type="stmt"/>
      <line num="2454" count="0" type="stmt"/>
      <line num="2457" count="0" type="cond" truecount="0" falsecount="2"/>
      <line num="2458" count="0" type="stmt"/>
      <line num="2460" count="0" type="stmt"/>
      <line num="2461" count="0" type="stmt"/>
      <line num="2471" count="0" type="cond" truecount="0" falsecount="2"/>
      <line num="2485" count="1" type="cond" truecount="1" falsecount="1"/>
      <line num="2486" count="0" type="stmt"/>
      <line num="2487" count="0" type="stmt"/>
      <line num="2489" count="0" type="stmt"/>
      <line num="2490" count="0" type="stmt"/>
      <line num="2493" count="1" type="stmt"/>
      <line num="2496" count="1" type="stmt"/>
      <line num="2497" count="0" type="cond" truecount="0" falsecount="2"/>
      <line num="2498" count="0" type="stmt"/>
      <line num="2499" count="0" type="stmt"/>
      <line num="2500" count="0" type="stmt"/>
      <line num="2503" count="1" type="stmt"/>
      <line num="2504" count="0" type="cond" truecount="0" falsecount="2"/>
      <line num="2505" count="0" type="stmt"/>
      <line num="2506" count="0" type="stmt"/>
      <line num="2515" count="0" type="stmt"/>
      <line num="2521" count="0" type="stmt"/>
      <line num="2532" count="0" type="stmt"/>
      <line num="2533" count="0" type="stmt"/>
      <line num="2535" count="0" type="cond" truecount="0" falsecount="2"/>
      <line num="2536" count="0" type="stmt"/>
      <line num="2537" count="0" type="stmt"/>
      <line num="2538" count="0" type="stmt"/>
      <line num="2539" count="0" type="stmt"/>
      <line num="2540" count="0" type="stmt"/>
      <line num="2546" count="0" type="cond" truecount="0" falsecount="2"/>
      <line num="2547" count="0" type="stmt"/>
      <line num="2548" count="0" type="stmt"/>
      <line num="2549" count="0" type="stmt"/>
      <line num="2550" count="0" type="stmt"/>
      <line num="2556" count="0" type="stmt"/>
      <line num="2557" count="0" type="stmt"/>
      <line num="2559" count="0" type="stmt"/>
      <line num="2567" count="0" type="stmt"/>
      <line num="2569" count="0" type="stmt"/>
      <line num="2577" count="1" type="cond" truecount="1" falsecount="1"/>
      <line num="2626" count="0" type="cond" truecount="0" falsecount="2"/>
      <line num="2627" count="0" type="stmt"/>
      <line num="2628" count="0" type="stmt"/>
      <line num="2631" count="0" type="stmt"/>
      <line num="2633" count="0" type="stmt"/>
      <line num="2634" count="0" type="stmt"/>
      <line num="2638" count="0" type="stmt"/>
      <line num="2641" count="1" type="stmt"/>
      <line num="2653" count="0" type="cond" truecount="0" falsecount="2"/>
      <line num="2654" count="0" type="stmt"/>
      <line num="2655" count="0" type="stmt"/>
      <line num="2657" count="0" type="cond" truecount="0" falsecount="2"/>
      <line num="2658" count="0" type="stmt"/>
      <line num="2660" count="0" type="stmt"/>
      <line num="2661" count="0" type="stmt"/>
      <line num="2664" count="0" type="stmt"/>
      <line num="2665" count="0" type="stmt"/>
      <line num="2667" count="0" type="stmt"/>
      <line num="2670" count="0" type="stmt"/>
      <line num="2674" count="0" type="cond" truecount="0" falsecount="2"/>
      <line num="2676" count="0" type="cond" truecount="0" falsecount="4"/>
      <line num="2678" count="0" type="stmt"/>
      <line num="2679" count="0" type="cond" truecount="0" falsecount="4"/>
      <line num="2682" count="0" type="stmt"/>
      <line num="2684" count="0" type="cond" truecount="0" falsecount="4"/>
      <line num="2686" count="0" type="stmt"/>
      <line num="2688" count="0" type="cond" truecount="0" falsecount="6"/>
      <line num="2692" count="0" type="stmt"/>
      <line num="2694" count="0" type="cond" truecount="0" falsecount="2"/>
      <line num="2696" count="0" type="cond" truecount="0" falsecount="2"/>
      <line num="2697" count="0" type="cond" truecount="0" falsecount="4"/>
      <line num="2699" count="0" type="cond" truecount="0" falsecount="4"/>
      <line num="2700" count="0" type="stmt"/>
      <line num="2701" count="0" type="cond" truecount="0" falsecount="2"/>
      <line num="2702" count="0" type="cond" truecount="0" falsecount="2"/>
      <line num="2703" count="0" type="stmt"/>
      <line num="2706" count="0" type="cond" truecount="0" falsecount="2"/>
      <line num="2709" count="0" type="cond" truecount="0" falsecount="4"/>
      <line num="2710" count="0" type="stmt"/>
      <line num="2711" count="0" type="stmt"/>
      <line num="2714" count="0" type="stmt"/>
      <line num="2717" count="0" type="cond" truecount="0" falsecount="2"/>
      <line num="2718" count="0" type="stmt"/>
      <line num="2721" count="0" type="cond" truecount="0" falsecount="2"/>
      <line num="2722" count="0" type="stmt"/>
      <line num="2727" count="0" type="cond" truecount="0" falsecount="2"/>
      <line num="2728" count="0" type="cond" truecount="0" falsecount="2"/>
      <line num="2730" count="0" type="cond" truecount="0" falsecount="2"/>
      <line num="2732" count="0" type="cond" truecount="0" falsecount="4"/>
      <line num="2733" count="0" type="stmt"/>
      <line num="2735" count="0" type="cond" truecount="0" falsecount="6"/>
      <line num="2737" count="0" type="stmt"/>
      <line num="2739" count="0" type="cond" truecount="0" falsecount="2"/>
      <line num="2741" count="0" type="cond" truecount="0" falsecount="2"/>
      <line num="2742" count="0" type="cond" truecount="0" falsecount="4"/>
      <line num="2745" count="0" type="stmt"/>
      <line num="2750" count="0" type="cond" truecount="0" falsecount="2"/>
      <line num="2751" count="0" type="stmt"/>
      <line num="2754" count="0" type="stmt"/>
      <line num="2766" count="0" type="cond" truecount="0" falsecount="2"/>
      <line num="2767" count="0" type="stmt"/>
      <line num="2768" count="0" type="cond" truecount="0" falsecount="2"/>
      <line num="2769" count="0" type="stmt"/>
      <line num="2771" count="0" type="stmt"/>
      <line num="2773" count="0" type="stmt"/>
      <line num="2775" count="0" type="stmt"/>
      <line num="2781" count="0" type="stmt"/>
      <line num="2782" count="0" type="stmt"/>
      <line num="2789" count="0" type="stmt"/>
      <line num="2790" count="0" type="stmt"/>
      <line num="2791" count="0" type="stmt"/>
      <line num="2800" count="0" type="cond" truecount="0" falsecount="2"/>
      <line num="2801" count="0" type="stmt"/>
      <line num="2803" count="0" type="stmt"/>
      <line num="2805" count="0" type="stmt"/>
      <line num="2811" count="0" type="stmt"/>
      <line num="2812" count="0" type="stmt"/>
      <line num="2813" count="0" type="stmt"/>
      <line num="2820" count="0" type="cond" truecount="0" falsecount="2"/>
      <line num="2821" count="0" type="stmt"/>
      <line num="2824" count="0" type="stmt"/>
      <line num="2825" count="0" type="stmt"/>
      <line num="2827" count="0" type="stmt"/>
      <line num="2838" count="1" type="cond" truecount="2" falsecount="2"/>
      <line num="2847" count="0" type="cond" truecount="0" falsecount="2"/>
      <line num="2858" count="1" type="stmt"/>
      <line num="2862" count="0" type="stmt"/>
      <line num="2866" count="0" type="stmt"/>
      <line num="2868" count="0" type="stmt"/>
      <line num="2869" count="0" type="stmt"/>
      <line num="2875" count="0" type="stmt"/>
      <line num="2877" count="0" type="cond" truecount="0" falsecount="2"/>
      <line num="2879" count="0" type="stmt"/>
      <line num="2880" count="0" type="cond" truecount="0" falsecount="2"/>
      <line num="2881" count="0" type="stmt"/>
      <line num="2884" count="0" type="stmt"/>
      <line num="2886" count="0" type="stmt"/>
      <line num="2893" count="0" type="cond" truecount="0" falsecount="3"/>
      <line num="2894" count="0" type="cond" truecount="0" falsecount="2"/>
      <line num="2901" count="0" type="cond" truecount="0" falsecount="7"/>
      <line num="2902" count="0" type="stmt"/>
      <line num="2903" count="0" type="stmt"/>
      <line num="2905" count="0" type="stmt"/>
      <line num="2907" count="0" type="stmt"/>
      <line num="2913" count="1" type="cond" truecount="1" falsecount="1"/>
      <line num="2947" count="1" type="stmt"/>
      <line num="2955" count="0" type="stmt"/>
      <line num="2957" count="0" type="stmt"/>
      <line num="2958" count="0" type="stmt"/>
      <line num="2959" count="0" type="cond" truecount="0" falsecount="2"/>
      <line num="2960" count="0" type="cond" truecount="0" falsecount="2"/>
      <line num="2962" count="0" type="stmt"/>
      <line num="2963" count="0" type="stmt"/>
      <line num="2964" count="0" type="stmt"/>
      <line num="2968" count="0" type="stmt"/>
      <line num="2970" count="0" type="stmt"/>
      <line num="2976" count="0" type="cond" truecount="0" falsecount="2"/>
      <line num="2978" count="0" type="stmt"/>
      <line num="2979" count="0" type="stmt"/>
      <line num="2984" count="0" type="stmt"/>
      <line num="2985" count="0" type="stmt"/>
      <line num="2989" count="0" type="stmt"/>
      <line num="2990" count="0" type="stmt"/>
      <line num="2992" count="0" type="cond" truecount="0" falsecount="2"/>
      <line num="2993" count="0" type="stmt"/>
      <line num="2995" count="0" type="stmt"/>
      <line num="2996" count="0" type="stmt"/>
      <line num="3001" count="0" type="stmt"/>
      <line num="3002" count="0" type="cond" truecount="0" falsecount="2"/>
      <line num="3003" count="0" type="stmt"/>
      <line num="3005" count="0" type="stmt"/>
      <line num="3009" count="0" type="stmt"/>
      <line num="3013" count="0" type="stmt"/>
      <line num="3015" count="0" type="stmt"/>
      <line num="3018" count="0" type="stmt"/>
      <line num="3022" count="0" type="stmt"/>
      <line num="3045" count="1" type="stmt"/>
      <line num="3140" count="0" type="stmt"/>
      <line num="3144" count="0" type="stmt"/>
      <line num="3145" count="0" type="stmt"/>
      <line num="3146" count="0" type="stmt"/>
      <line num="3147" count="0" type="stmt"/>
      <line num="3149" count="0" type="stmt"/>
      <line num="3150" count="0" type="stmt"/>
      <line num="3153" count="0" type="stmt"/>
      <line num="3155" count="0" type="stmt"/>
      <line num="3157" count="0" type="cond" truecount="0" falsecount="2"/>
      <line num="3158" count="0" type="stmt"/>
      <line num="3161" count="0" type="cond" truecount="0" falsecount="2"/>
      <line num="3162" count="0" type="stmt"/>
      <line num="3165" count="0" type="cond" truecount="0" falsecount="4"/>
      <line num="3166" count="0" type="stmt"/>
      <line num="3169" count="0" type="stmt"/>
      <line num="3172" count="0" type="cond" truecount="0" falsecount="4"/>
      <line num="3177" count="0" type="cond" truecount="0" falsecount="2"/>
      <line num="3178" count="0" type="stmt"/>
      <line num="3179" count="0" type="stmt"/>
      <line num="3182" count="0" type="stmt"/>
      <line num="3193" count="0" type="cond" truecount="0" falsecount="2"/>
      <line num="3194" count="0" type="stmt"/>
      <line num="3195" count="0" type="cond" truecount="0" falsecount="2"/>
      <line num="3197" count="0" type="stmt"/>
      <line num="3199" count="0" type="cond" truecount="0" falsecount="5"/>
      <line num="3201" count="0" type="cond" truecount="0" falsecount="2"/>
      <line num="3202" count="0" type="stmt"/>
      <line num="3203" count="0" type="stmt"/>
      <line num="3207" count="0" type="cond" truecount="0" falsecount="2"/>
      <line num="3211" count="0" type="cond" truecount="0" falsecount="2"/>
      <line num="3213" count="0" type="stmt"/>
      <line num="3214" count="0" type="stmt"/>
      <line num="3219" count="0" type="stmt"/>
      <line num="3221" count="0" type="stmt"/>
      <line num="3227" count="0" type="cond" truecount="0" falsecount="2"/>
      <line num="3228" count="0" type="stmt"/>
      <line num="3229" count="0" type="stmt"/>
      <line num="3231" count="0" type="stmt"/>
      <line num="3237" count="0" type="cond" truecount="0" falsecount="4"/>
      <line num="3238" count="0" type="stmt"/>
      <line num="3244" count="0" type="cond" truecount="0" falsecount="4"/>
      <line num="3245" count="0" type="stmt"/>
      <line num="3255" count="0" type="stmt"/>
      <line num="3256" count="0" type="stmt"/>
      <line num="3257" count="0" type="cond" truecount="0" falsecount="2"/>
      <line num="3259" count="0" type="stmt"/>
      <line num="3260" count="0" type="stmt"/>
      <line num="3262" count="0" type="stmt"/>
      <line num="3267" count="0" type="cond" truecount="0" falsecount="2"/>
      <line num="3268" count="0" type="cond" truecount="0" falsecount="2"/>
      <line num="3270" count="0" type="cond" truecount="0" falsecount="3"/>
      <line num="3271" count="0" type="cond" truecount="0" falsecount="3"/>
      <line num="3273" count="0" type="stmt"/>
      <line num="3275" count="0" type="cond" truecount="0" falsecount="2"/>
      <line num="3277" count="0" type="cond" truecount="0" falsecount="2"/>
      <line num="3278" count="0" type="stmt"/>
      <line num="3284" count="0" type="stmt"/>
      <line num="3286" count="0" type="stmt"/>
      <line num="3287" count="0" type="stmt"/>
      <line num="3288" count="0" type="stmt"/>
      <line num="3290" count="0" type="stmt"/>
      <line num="3301" count="0" type="stmt"/>
      <line num="3303" count="0" type="cond" truecount="0" falsecount="2"/>
      <line num="3304" count="0" type="stmt"/>
      <line num="3307" count="0" type="stmt"/>
      <line num="3308" count="0" type="stmt"/>
      <line num="3315" count="0" type="stmt"/>
      <line num="3321" count="0" type="stmt"/>
      <line num="3327" count="0" type="stmt"/>
      <line num="3328" count="0" type="cond" truecount="0" falsecount="2"/>
      <line num="3330" count="0" type="cond" truecount="0" falsecount="4"/>
      <line num="3331" count="0" type="stmt"/>
      <line num="3335" count="0" type="cond" truecount="0" falsecount="4"/>
      <line num="3336" count="0" type="stmt"/>
      <line num="3337" count="0" type="stmt"/>
      <line num="3340" count="0" type="cond" truecount="0" falsecount="2"/>
      <line num="3341" count="0" type="stmt"/>
      <line num="3343" count="0" type="stmt"/>
      <line num="3350" count="0" type="cond" truecount="0" falsecount="2"/>
      <line num="3351" count="0" type="stmt"/>
      <line num="3355" count="0" type="cond" truecount="0" falsecount="2"/>
      <line num="3356" count="0" type="stmt"/>
      <line num="3358" count="0" type="stmt"/>
      <line num="3359" count="0" type="cond" truecount="0" falsecount="2"/>
      <line num="3361" count="0" type="stmt"/>
      <line num="3362" count="0" type="stmt"/>
      <line num="3365" count="0" type="stmt"/>
      <line num="3373" count="0" type="cond" truecount="0" falsecount="2"/>
      <line num="3374" count="0" type="cond" truecount="0" falsecount="4"/>
      <line num="3375" count="0" type="stmt"/>
      <line num="3378" count="0" type="stmt"/>
      <line num="3380" count="0" type="stmt"/>
      <line num="3381" count="0" type="stmt"/>
      <line num="3382" count="0" type="stmt"/>
      <line num="3383" count="0" type="stmt"/>
      <line num="3385" count="0" type="stmt"/>
      <line num="3386" count="0" type="cond" truecount="0" falsecount="2"/>
      <line num="3388" count="0" type="stmt"/>
      <line num="3389" count="0" type="stmt"/>
      <line num="3390" count="0" type="cond" truecount="0" falsecount="2"/>
      <line num="3391" count="0" type="stmt"/>
      <line num="3392" count="0" type="stmt"/>
      <line num="3395" count="0" type="cond" truecount="0" falsecount="2"/>
      <line num="3396" count="0" type="cond" truecount="0" falsecount="2"/>
      <line num="3397" count="0" type="stmt"/>
      <line num="3398" count="0" type="stmt"/>
      <line num="3399" count="0" type="stmt"/>
      <line num="3400" count="0" type="stmt"/>
      <line num="3404" count="0" type="cond" truecount="0" falsecount="2"/>
      <line num="3406" count="0" type="stmt"/>
      <line num="3409" count="0" type="stmt"/>
      <line num="3410" count="0" type="stmt"/>
      <line num="3411" count="0" type="stmt"/>
      <line num="3413" count="0" type="stmt"/>
      <line num="3415" count="0" type="stmt"/>
      <line num="3416" count="0" type="stmt"/>
      <line num="3418" count="0" type="stmt"/>
      <line num="3420" count="0" type="stmt"/>
      <line num="3421" count="0" type="stmt"/>
      <line num="3422" count="0" type="cond" truecount="0" falsecount="2"/>
      <line num="3425" count="0" type="stmt"/>
      <line num="3426" count="0" type="stmt"/>
      <line num="3428" count="0" type="cond" truecount="0" falsecount="2"/>
      <line num="3429" count="0" type="stmt"/>
      <line num="3431" count="0" type="stmt"/>
      <line num="3437" count="0" type="stmt"/>
      <line num="3443" count="0" type="stmt"/>
      <line num="3445" count="0" type="stmt"/>
      <line num="3446" count="0" type="stmt"/>
      <line num="3453" count="0" type="stmt"/>
      <line num="3454" count="0" type="stmt"/>
      <line num="3460" count="0" type="stmt"/>
      <line num="3462" count="0" type="cond" truecount="0" falsecount="2"/>
      <line num="3463" count="0" type="stmt"/>
      <line num="3464" count="0" type="stmt"/>
      <line num="3465" count="0" type="cond" truecount="0" falsecount="2"/>
      <line num="3466" count="0" type="stmt"/>
      <line num="3469" count="0" type="stmt"/>
      <line num="3471" count="0" type="cond" truecount="0" falsecount="2"/>
      <line num="3472" count="0" type="stmt"/>
      <line num="3475" count="0" type="stmt"/>
      <line num="3481" count="0" type="stmt"/>
      <line num="3482" count="0" type="stmt"/>
      <line num="3484" count="0" type="cond" truecount="0" falsecount="4"/>
      <line num="3485" count="0" type="stmt"/>
      <line num="3487" count="0" type="cond" truecount="0" falsecount="2"/>
      <line num="3488" count="0" type="stmt"/>
      <line num="3492" count="0" type="stmt"/>
      <line num="3498" count="0" type="stmt"/>
      <line num="3499" count="0" type="stmt"/>
      <line num="3501" count="0" type="cond" truecount="0" falsecount="4"/>
      <line num="3502" count="0" type="stmt"/>
      <line num="3504" count="0" type="cond" truecount="0" falsecount="2"/>
      <line num="3505" count="0" type="stmt"/>
      <line num="3509" count="0" type="stmt"/>
      <line num="3515" count="0" type="stmt"/>
      <line num="3516" count="0" type="stmt"/>
      <line num="3517" count="0" type="stmt"/>
      <line num="3519" count="0" type="cond" truecount="0" falsecount="2"/>
      <line num="3520" count="0" type="stmt"/>
      <line num="3523" count="0" type="stmt"/>
      <line num="3524" count="0" type="stmt"/>
      <line num="3534" count="0" type="cond" truecount="0" falsecount="2"/>
      <line num="3536" count="0" type="cond" truecount="0" falsecount="3"/>
      <line num="3537" count="0" type="cond" truecount="0" falsecount="3"/>
      <line num="3538" count="0" type="stmt"/>
      <line num="3539" count="0" type="stmt"/>
      <line num="3540" count="0" type="stmt"/>
      <line num="3541" count="0" type="stmt"/>
      <line num="3542" count="0" type="stmt"/>
      <line num="3543" count="0" type="stmt"/>
      <line num="3545" count="0" type="cond" truecount="0" falsecount="2"/>
      <line num="3546" count="0" type="stmt"/>
      <line num="3547" count="0" type="stmt"/>
      <line num="3548" count="0" type="stmt"/>
      <line num="3550" count="0" type="cond" truecount="0" falsecount="4"/>
      <line num="3551" count="0" type="stmt"/>
      <line num="3552" count="0" type="cond" truecount="0" falsecount="2"/>
      <line num="3553" count="0" type="stmt"/>
      <line num="3555" count="0" type="stmt"/>
      <line num="3558" count="0" type="cond" truecount="0" falsecount="4"/>
      <line num="3559" count="0" type="stmt"/>
      <line num="3560" count="0" type="cond" truecount="0" falsecount="2"/>
      <line num="3561" count="0" type="stmt"/>
      <line num="3563" count="0" type="stmt"/>
      <line num="3566" count="0" type="stmt"/>
      <line num="3567" count="0" type="stmt"/>
      <line num="3569" count="0" type="stmt"/>
      <line num="3586" count="0" type="cond" truecount="0" falsecount="2"/>
      <line num="3588" count="0" type="stmt"/>
      <line num="3593" count="0" type="stmt"/>
      <line num="3594" count="0" type="stmt"/>
      <line num="3595" count="0" type="stmt"/>
      <line num="3597" count="0" type="stmt"/>
      <line num="3598" count="0" type="stmt"/>
      <line num="3599" count="0" type="stmt"/>
      <line num="3600" count="0" type="stmt"/>
      <line num="3602" count="0" type="cond" truecount="0" falsecount="4"/>
      <line num="3604" count="0" type="cond" truecount="0" falsecount="4"/>
      <line num="3605" count="0" type="stmt"/>
      <line num="3608" count="0" type="cond" truecount="0" falsecount="2"/>
      <line num="3609" count="0" type="stmt"/>
      <line num="3612" count="0" type="stmt"/>
      <line num="3614" count="0" type="cond" truecount="0" falsecount="2"/>
      <line num="3615" count="0" type="stmt"/>
      <line num="3616" count="0" type="stmt"/>
      <line num="3618" count="0" type="stmt"/>
      <line num="3625" count="0" type="stmt"/>
      <line num="3635" count="0" type="stmt"/>
      <line num="3636" count="0" type="cond" truecount="0" falsecount="2"/>
      <line num="3637" count="0" type="stmt"/>
      <line num="3639" count="0" type="stmt"/>
      <line num="3653" count="0" type="stmt"/>
      <line num="3662" count="0" type="cond" truecount="0" falsecount="2"/>
      <line num="3663" count="0" type="stmt"/>
      <line num="3667" count="0" type="stmt"/>
      <line num="3670" count="0" type="stmt"/>
      <line num="3671" count="0" type="stmt"/>
      <line num="3673" count="0" type="cond" truecount="0" falsecount="2"/>
      <line num="3674" count="0" type="stmt"/>
      <line num="3677" count="0" type="stmt"/>
      <line num="3679" count="0" type="stmt"/>
      <line num="3687" count="0" type="cond" truecount="0" falsecount="4"/>
      <line num="3688" count="0" type="stmt"/>
      <line num="3690" count="0" type="cond" truecount="0" falsecount="2"/>
      <line num="3691" count="0" type="stmt"/>
      <line num="3693" count="0" type="stmt"/>
      <line num="3697" count="0" type="stmt"/>
      <line num="3698" count="0" type="cond" truecount="0" falsecount="2"/>
      <line num="3702" count="0" type="cond" truecount="0" falsecount="4"/>
      <line num="3703" count="0" type="stmt"/>
      <line num="3709" count="0" type="stmt"/>
      <line num="3716" count="0" type="stmt"/>
      <line num="3717" count="0" type="stmt"/>
      <line num="3718" count="0" type="stmt"/>
      <line num="3719" count="0" type="stmt"/>
      <line num="3720" count="0" type="stmt"/>
      <line num="3722" count="0" type="cond" truecount="0" falsecount="2"/>
      <line num="3723" count="0" type="stmt"/>
      <line num="3724" count="0" type="cond" truecount="0" falsecount="2"/>
      <line num="3727" count="0" type="stmt"/>
      <line num="3733" count="0" type="stmt"/>
      <line num="3734" count="0" type="cond" truecount="0" falsecount="2"/>
      <line num="3735" count="0" type="stmt"/>
      <line num="3742" count="0" type="stmt"/>
      <line num="3750" count="0" type="cond" truecount="0" falsecount="2"/>
      <line num="3752" count="0" type="stmt"/>
      <line num="3754" count="0" type="stmt"/>
      <line num="3756" count="0" type="cond" truecount="0" falsecount="2"/>
      <line num="3757" count="0" type="stmt"/>
      <line num="3760" count="0" type="stmt"/>
      <line num="3767" count="0" type="stmt"/>
      <line num="3769" count="0" type="cond" truecount="0" falsecount="2"/>
      <line num="3770" count="0" type="stmt"/>
      <line num="3773" count="0" type="stmt"/>
      <line num="3775" count="0" type="stmt"/>
      <line num="3776" count="0" type="stmt"/>
      <line num="3779" count="0" type="stmt"/>
      <line num="3781" count="0" type="stmt"/>
      <line num="3784" count="0" type="cond" truecount="0" falsecount="2"/>
      <line num="3785" count="0" type="stmt"/>
      <line num="3788" count="0" type="stmt"/>
      <line num="3790" count="0" type="stmt"/>
      <line num="3792" count="0" type="cond" truecount="0" falsecount="2"/>
      <line num="3793" count="0" type="stmt"/>
      <line num="3795" count="0" type="cond" truecount="0" falsecount="2"/>
      <line num="3796" count="0" type="stmt"/>
      <line num="3797" count="0" type="stmt"/>
      <line num="3800" count="0" type="stmt"/>
      <line num="3802" count="0" type="cond" truecount="0" falsecount="2"/>
      <line num="3806" count="0" type="stmt"/>
      <line num="3810" count="0" type="stmt"/>
      <line num="3811" count="0" type="stmt"/>
      <line num="3813" count="0" type="stmt"/>
      <line num="3814" count="0" type="stmt"/>
      <line num="3817" count="0" type="stmt"/>
      <line num="3818" count="0" type="stmt"/>
      <line num="3819" count="0" type="stmt"/>
      <line num="3820" count="0" type="stmt"/>
      <line num="3822" count="0" type="stmt"/>
      <line num="3831" count="0" type="cond" truecount="0" falsecount="2"/>
      <line num="3832" count="0" type="cond" truecount="0" falsecount="2"/>
      <line num="3834" count="0" type="cond" truecount="0" falsecount="2"/>
      <line num="3835" count="0" type="stmt"/>
      <line num="3837" count="0" type="stmt"/>
      <line num="3845" count="0" type="stmt"/>
      <line num="3847" count="0" type="cond" truecount="0" falsecount="4"/>
      <line num="3848" count="0" type="stmt"/>
      <line num="3850" count="0" type="stmt"/>
      <line num="3856" count="0" type="stmt"/>
      <line num="3862" count="0" type="stmt"/>
      <line num="3863" count="0" type="stmt"/>
      <line num="3864" count="0" type="stmt"/>
      <line num="3866" count="0" type="stmt"/>
      <line num="3872" count="0" type="cond" truecount="0" falsecount="4"/>
      <line num="3878" count="0" type="cond" truecount="0" falsecount="2"/>
      <line num="3889" count="0" type="stmt"/>
      <line num="3890" count="0" type="cond" truecount="0" falsecount="2"/>
      <line num="3892" count="0" type="cond" truecount="0" falsecount="2"/>
      <line num="3893" count="0" type="stmt"/>
      <line num="3894" count="0" type="stmt"/>
      <line num="3895" count="0" type="stmt"/>
      <line num="3896" count="0" type="stmt"/>
      <line num="3897" count="0" type="stmt"/>
      <line num="3898" count="0" type="stmt"/>
      <line num="3899" count="0" type="cond" truecount="0" falsecount="2"/>
      <line num="3900" count="0" type="stmt"/>
      <line num="3901" count="0" type="stmt"/>
      <line num="3902" count="0" type="cond" truecount="0" falsecount="2"/>
      <line num="3904" count="0" type="stmt"/>
      <line num="3906" count="0" type="cond" truecount="0" falsecount="2"/>
      <line num="3907" count="0" type="stmt"/>
      <line num="3908" count="0" type="cond" truecount="0" falsecount="2"/>
      <line num="3911" count="0" type="stmt"/>
      <line num="3917" count="0" type="cond" truecount="0" falsecount="4"/>
      <line num="3918" count="0" type="stmt"/>
      <line num="3922" count="0" type="stmt"/>
      <line num="3924" count="0" type="stmt"/>
      <line num="3931" count="0" type="stmt"/>
      <line num="3932" count="0" type="stmt"/>
      <line num="3942" count="0" type="stmt"/>
      <line num="3943" count="0" type="stmt"/>
      <line num="3950" count="0" type="cond" truecount="0" falsecount="2"/>
      <line num="3958" count="0" type="cond" truecount="0" falsecount="2"/>
      <line num="3965" count="0" type="stmt"/>
      <line num="3971" count="0" type="stmt"/>
      <line num="3982" count="0" type="stmt"/>
      <line num="3983" count="0" type="cond" truecount="0" falsecount="2"/>
      <line num="3984" count="0" type="stmt"/>
      <line num="3992" count="0" type="stmt"/>
      <line num="3993" count="0" type="cond" truecount="0" falsecount="2"/>
      <line num="3994" count="0" type="stmt"/>
      <line num="3995" count="0" type="cond" truecount="0" falsecount="2"/>
      <line num="4004" count="0" type="cond" truecount="0" falsecount="2"/>
      <line num="4005" count="0" type="stmt"/>
      <line num="4011" count="0" type="cond" truecount="0" falsecount="2"/>
      <line num="4012" count="0" type="stmt"/>
      <line num="4019" count="0" type="stmt"/>
      <line num="4020" count="0" type="stmt"/>
      <line num="4027" count="0" type="stmt"/>
      <line num="4028" count="0" type="stmt"/>
      <line num="4038" count="0" type="stmt"/>
      <line num="4048" count="0" type="stmt"/>
      <line num="4055" count="0" type="stmt"/>
      <line num="4062" count="0" type="stmt"/>
      <line num="4069" count="0" type="stmt"/>
      <line num="4076" count="0" type="stmt"/>
      <line num="4077" count="0" type="stmt"/>
      <line num="4084" count="0" type="stmt"/>
      <line num="4091" count="0" type="stmt"/>
      <line num="4098" count="0" type="stmt"/>
      <line num="4105" count="0" type="stmt"/>
      <line num="4112" count="0" type="stmt"/>
      <line num="4114" count="0" type="cond" truecount="0" falsecount="2"/>
      <line num="4115" count="0" type="stmt"/>
      <line num="4116" count="0" type="cond" truecount="0" falsecount="2"/>
      <line num="4117" count="0" type="stmt"/>
      <line num="4120" count="0" type="stmt"/>
      <line num="4121" count="0" type="stmt"/>
      <line num="4125" count="0" type="stmt"/>
      <line num="4127" count="0" type="cond" truecount="0" falsecount="2"/>
      <line num="4129" count="0" type="stmt"/>
      <line num="4136" count="0" type="stmt"/>
      <line num="4138" count="0" type="cond" truecount="0" falsecount="5"/>
      <line num="4139" count="0" type="stmt"/>
      <line num="4142" count="0" type="stmt"/>
      <line num="4144" count="0" type="cond" truecount="0" falsecount="2"/>
      <line num="4145" count="0" type="stmt"/>
      <line num="4150" count="0" type="stmt"/>
      <line num="4151" count="0" type="stmt"/>
      <line num="4165" count="0" type="stmt"/>
      <line num="4166" count="0" type="stmt"/>
      <line num="4170" count="0" type="stmt"/>
      <line num="4173" count="0" type="stmt"/>
      <line num="4176" count="0" type="stmt"/>
      <line num="4179" count="0" type="stmt"/>
      <line num="4182" count="0" type="stmt"/>
      <line num="4185" count="0" type="stmt"/>
      <line num="4187" count="0" type="cond" truecount="0" falsecount="2"/>
      <line num="4188" count="0" type="stmt"/>
      <line num="4189" count="0" type="stmt"/>
      <line num="4198" count="0" type="stmt"/>
      <line num="4200" count="0" type="stmt"/>
      <line num="4201" count="0" type="stmt"/>
      <line num="4202" count="0" type="stmt"/>
      <line num="4204" count="0" type="stmt"/>
      <line num="4206" count="0" type="stmt"/>
      <line num="4207" count="0" type="stmt"/>
      <line num="4215" count="0" type="stmt"/>
      <line num="4220" count="0" type="cond" truecount="0" falsecount="2"/>
      <line num="4221" count="0" type="stmt"/>
      <line num="4230" count="0" type="cond" truecount="0" falsecount="2"/>
      <line num="4231" count="0" type="stmt"/>
      <line num="4233" count="0" type="cond" truecount="0" falsecount="2"/>
      <line num="4234" count="0" type="stmt"/>
      <line num="4236" count="0" type="stmt"/>
      <line num="4240" count="0" type="cond" truecount="0" falsecount="2"/>
      <line num="4241" count="0" type="stmt"/>
      <line num="4243" count="0" type="stmt"/>
      <line num="4245" count="0" type="stmt"/>
      <line num="4246" count="0" type="stmt"/>
      <line num="4247" count="0" type="stmt"/>
      <line num="4252" count="0" type="cond" truecount="0" falsecount="5"/>
      <line num="4253" count="0" type="stmt"/>
      <line num="4259" count="0" type="stmt"/>
      <line num="4265" count="0" type="cond" truecount="0" falsecount="2"/>
      <line num="4266" count="0" type="stmt"/>
      <line num="4272" count="0" type="stmt"/>
      <line num="4276" count="0" type="stmt"/>
      <line num="4277" count="0" type="cond" truecount="0" falsecount="2"/>
      <line num="4278" count="0" type="stmt"/>
      <line num="4280" count="0" type="stmt"/>
      <line num="4284" count="0" type="stmt"/>
      <line num="4288" count="0" type="stmt"/>
      <line num="4292" count="0" type="cond" truecount="0" falsecount="2"/>
      <line num="4293" count="0" type="stmt"/>
      <line num="4298" count="0" type="cond" truecount="0" falsecount="2"/>
      <line num="4299" count="0" type="stmt"/>
      <line num="4307" count="0" type="stmt"/>
      <line num="4308" count="0" type="stmt"/>
      <line num="4310" count="0" type="cond" truecount="0" falsecount="2"/>
      <line num="4339" count="0" type="stmt"/>
      <line num="4342" count="0" type="cond" truecount="0" falsecount="2"/>
      <line num="4343" count="0" type="stmt"/>
      <line num="4346" count="0" type="cond" truecount="0" falsecount="4"/>
      <line num="4347" count="0" type="cond" truecount="0" falsecount="2"/>
      <line num="4352" count="0" type="stmt"/>
      <line num="4353" count="0" type="stmt"/>
      <line num="4354" count="0" type="stmt"/>
      <line num="4358" count="0" type="stmt"/>
      <line num="4359" count="0" type="stmt"/>
      <line num="4363" count="0" type="stmt"/>
      <line num="4364" count="0" type="cond" truecount="0" falsecount="2"/>
      <line num="4367" count="0" type="stmt"/>
      <line num="4372" count="0" type="stmt"/>
      <line num="4374" count="0" type="cond" truecount="0" falsecount="2"/>
      <line num="4375" count="0" type="cond" truecount="0" falsecount="2"/>
      <line num="4376" count="0" type="stmt"/>
      <line num="4378" count="0" type="stmt"/>
      <line num="4379" count="0" type="stmt"/>
      <line num="4380" count="0" type="cond" truecount="0" falsecount="7"/>
      <line num="4382" count="0" type="stmt"/>
      <line num="4383" count="0" type="stmt"/>
      <line num="4385" count="0" type="cond" truecount="0" falsecount="4"/>
      <line num="4386" count="0" type="cond" truecount="0" falsecount="4"/>
      <line num="4387" count="0" type="stmt"/>
      <line num="4388" count="0" type="cond" truecount="0" falsecount="2"/>
      <line num="4390" count="0" type="cond" truecount="0" falsecount="2"/>
      <line num="4391" count="0" type="stmt"/>
      <line num="4393" count="0" type="cond" truecount="0" falsecount="6"/>
      <line num="4394" count="0" type="stmt"/>
      <line num="4396" count="0" type="stmt"/>
      <line num="4400" count="0" type="cond" truecount="0" falsecount="4"/>
      <line num="4402" count="0" type="stmt"/>
      <line num="4404" count="0" type="cond" truecount="0" falsecount="6"/>
      <line num="4406" count="0" type="cond" truecount="0" falsecount="2"/>
      <line num="4409" count="0" type="stmt"/>
      <line num="4416" count="0" type="cond" truecount="0" falsecount="2"/>
      <line num="4422" count="0" type="stmt"/>
      <line num="4423" count="0" type="stmt"/>
      <line num="4424" count="0" type="stmt"/>
      <line num="4427" count="0" type="cond" truecount="0" falsecount="2"/>
      <line num="4430" count="0" type="cond" truecount="0" falsecount="2"/>
      <line num="4432" count="0" type="cond" truecount="0" falsecount="2"/>
      <line num="4434" count="0" type="stmt"/>
      <line num="4435" count="0" type="cond" truecount="0" falsecount="4"/>
      <line num="4436" count="0" type="stmt"/>
      <line num="4439" count="0" type="stmt"/>
      <line num="4443" count="0" type="cond" truecount="0" falsecount="5"/>
      <line num="4444" count="0" type="cond" truecount="0" falsecount="3"/>
      <line num="4445" count="0" type="cond" truecount="0" falsecount="2"/>
      <line num="4447" count="0" type="stmt"/>
      <line num="4448" count="0" type="cond" truecount="0" falsecount="2"/>
      <line num="4451" count="0" type="stmt"/>
      <line num="4452" count="0" type="stmt"/>
      <line num="4453" count="0" type="cond" truecount="0" falsecount="5"/>
      <line num="4454" count="0" type="stmt"/>
      <line num="4459" count="0" type="cond" truecount="0" falsecount="4"/>
      <line num="4460" count="0" type="cond" truecount="0" falsecount="4"/>
      <line num="4464" count="0" type="stmt"/>
      <line num="4465" count="0" type="stmt"/>
      <line num="4476" count="0" type="cond" truecount="0" falsecount="2"/>
      <line num="4477" count="0" type="cond" truecount="0" falsecount="2"/>
      <line num="4479" count="0" type="stmt"/>
      <line num="4481" count="0" type="stmt"/>
      <line num="4488" count="0" type="cond" truecount="0" falsecount="2"/>
      <line num="4492" count="0" type="stmt"/>
      <line num="4493" count="0" type="cond" truecount="0" falsecount="2"/>
      <line num="4497" count="0" type="cond" truecount="0" falsecount="4"/>
      <line num="4500" count="0" type="stmt"/>
      <line num="4504" count="0" type="stmt"/>
      <line num="4505" count="0" type="stmt"/>
      <line num="4509" count="0" type="stmt"/>
      <line num="4510" count="0" type="stmt"/>
      <line num="4514" count="0" type="stmt"/>
      <line num="4515" count="0" type="stmt"/>
      <line num="4525" count="0" type="stmt"/>
      <line num="4530" count="0" type="stmt"/>
      <line num="4536" count="0" type="cond" truecount="0" falsecount="2"/>
      <line num="4538" count="0" type="stmt"/>
      <line num="4539" count="0" type="stmt"/>
      <line num="4540" count="0" type="stmt"/>
      <line num="4541" count="0" type="stmt"/>
      <line num="4546" count="0" type="cond" truecount="0" falsecount="2"/>
      <line num="4547" count="0" type="stmt"/>
      <line num="4550" count="0" type="stmt"/>
      <line num="4555" count="0" type="cond" truecount="0" falsecount="2"/>
      <line num="4557" count="0" type="stmt"/>
      <line num="4558" count="0" type="stmt"/>
      <line num="4560" count="0" type="stmt"/>
      <line num="4565" count="0" type="stmt"/>
      <line num="4569" count="0" type="stmt"/>
      <line num="4570" count="0" type="stmt"/>
      <line num="4572" count="0" type="stmt"/>
      <line num="4573" count="0" type="stmt"/>
      <line num="4575" count="0" type="stmt"/>
      <line num="4579" count="0" type="cond" truecount="0" falsecount="2"/>
      <line num="4585" count="0" type="stmt"/>
      <line num="4586" count="0" type="stmt"/>
      <line num="4587" count="0" type="cond" truecount="0" falsecount="2"/>
      <line num="4588" count="0" type="cond" truecount="0" falsecount="2"/>
      <line num="4589" count="0" type="stmt"/>
      <line num="4591" count="0" type="stmt"/>
      <line num="4595" count="0" type="stmt"/>
      <line num="4599" count="0" type="stmt"/>
      <line num="4600" count="0" type="stmt"/>
      <line num="4605" count="0" type="stmt"/>
[...]
      <line num="6110" count="0" type="stmt"/>
      <line num="6111" count="0" type="stmt"/>
      <line num="6112" count="0" type="cond" truecount="0" falsecount="2"/>
      <line num="6113" count="0" type="stmt"/>
      <line num="6114" count="0" type="stmt"/>
      <line num="6117" count="0" type="stmt"/>
      <line num="6118" count="0" type="stmt"/>
      <line num="6125" count="0" type="stmt"/>
      <line num="6126" count="0" type="stmt"/>
      <line num="6129" count="0" type="cond" truecount="0" falsecount="2"/>
      <line num="6130" count="0" type="stmt"/>
      <line num="6131" count="0" type="cond" truecount="0" falsecount="2"/>
      <line num="6132" count="0" type="stmt"/>
      <line num="6133" count="0" type="cond" truecount="0" falsecount="2"/>
      <line num="6134" count="0" type="stmt"/>
      <line num="6138" count="0" type="stmt"/>
      <line num="6139" count="0" type="stmt"/>
      <line num="6140" count="0" type="stmt"/>
      <line num="6141" count="0" type="stmt"/>
      <line num="6143" count="0" type="stmt"/>
      <line num="6144" count="0" type="stmt"/>
      <line num="6145" count="0" type="stmt"/>
      <line num="6151" count="0" type="stmt"/>
      <line num="6155" count="0" type="stmt"/>
      <line num="6158" count="0" type="stmt"/>
      <line num="6159" count="0" type="stmt"/>
      <line num="6163" count="0" type="stmt"/>
      <line num="6164" count="0" type="stmt"/>
      <line num="6165" count="0" type="cond" truecount="0" falsecount="4"/>
      <line num="6166" count="0" type="stmt"/>
      <line num="6167" count="0" type="cond" truecount="0" falsecount="4"/>
      <line num="6168" count="0" type="stmt"/>
      <line num="6169" count="0" type="stmt"/>
      <line num="6170" count="0" type="cond" truecount="0" falsecount="4"/>
      <line num="6171" count="0" type="stmt"/>
      <line num="6172" count="0" type="cond" truecount="0" falsecount="2"/>
      <line num="6174" count="0" type="stmt"/>
      <line num="6175" count="0" type="stmt"/>
      <line num="6183" count="0" type="stmt"/>
      <line num="6184" count="0" type="stmt"/>
      <line num="6185" count="0" type="stmt"/>
      <line num="6186" count="0" type="stmt"/>
      <line num="6187" count="0" type="stmt"/>
      <line num="6188" count="0" type="stmt"/>
      <line num="6189" count="0" type="cond" truecount="0" falsecount="2"/>
      <line num="6190" count="0" type="stmt"/>
      <line num="6191" count="0" type="cond" truecount="0" falsecount="2"/>
      <line num="6192" count="0" type="stmt"/>
      <line num="6199" count="0" type="cond" truecount="0" falsecount="2"/>
      <line num="6200" count="0" type="stmt"/>
      <line num="6201" count="0" type="stmt"/>
      <line num="6202" count="0" type="cond" truecount="0" falsecount="2"/>
      <line num="6203" count="0" type="stmt"/>
      <line num="6204" count="0" type="cond" truecount="0" falsecount="2"/>
      <line num="6205" count="0" type="cond" truecount="0" falsecount="2"/>
      <line num="6206" count="0" type="cond" truecount="0" falsecount="2"/>
      <line num="6207" count="0" type="stmt"/>
      <line num="6209" count="0" type="stmt"/>
      <line num="6211" count="0" type="cond" truecount="0" falsecount="2"/>
      <line num="6212" count="0" type="stmt"/>
      <line num="6213" count="0" type="stmt"/>
      <line num="6214" count="0" type="cond" truecount="0" falsecount="2"/>
      <line num="6215" count="0" type="stmt"/>
      <line num="6216" count="0" type="cond" truecount="0" falsecount="2"/>
      <line num="6217" count="0" type="stmt"/>
      <line num="6218" count="0" type="cond" truecount="0" falsecount="2"/>
      <line num="6219" count="0" type="stmt"/>
      <line num="6221" count="0" type="cond" truecount="0" falsecount="2"/>
      <line num="6226" count="0" type="stmt"/>
      <line num="6227" count="0" type="stmt"/>
      <line num="6228" count="0" type="cond" truecount="0" falsecount="2"/>
      <line num="6229" count="0" type="stmt"/>
      <line num="6231" count="0" type="stmt"/>
      <line num="6233" count="0" type="stmt"/>
      <line num="6234" count="0" type="cond" truecount="0" falsecount="2"/>
      <line num="6235" count="0" type="stmt"/>
      <line num="6237" count="0" type="stmt"/>
      <line num="6240" count="0" type="cond" truecount="0" falsecount="2"/>
      <line num="6241" count="0" type="stmt"/>
      <line num="6242" count="0" type="stmt"/>
      <line num="6243" count="0" type="stmt"/>
      <line num="6244" count="0" type="cond" truecount="0" falsecount="2"/>
      <line num="6245" count="0" type="stmt"/>
      <line num="6246" count="0" type="stmt"/>
      <line num="6247" count="0" type="cond" truecount="0" falsecount="2"/>
      <line num="6248" count="0" type="stmt"/>
      <line num="6249" count="0" type="stmt"/>
      <line num="6250" count="0" type="stmt"/>
      <line num="6253" count="0" type="cond" truecount="0" falsecount="2"/>
      <line num="6254" count="0" type="stmt"/>
      <line num="6255" count="0" type="stmt"/>
      <line num="6256" count="0" type="stmt"/>
      <line num="6257" count="0" type="cond" truecount="0" falsecount="2"/>
      <line num="6258" count="0" type="stmt"/>
      <line num="6259" count="0" type="stmt"/>
      <line num="6260" count="0" type="cond" truecount="0" falsecount="2"/>
      <line num="6261" count="0" type="stmt"/>
      <line num="6262" count="0" type="stmt"/>
      <line num="6263" count="0" type="stmt"/>
      <line num="6266" count="0" type="stmt"/>
      <line num="6267" count="0" type="stmt"/>
      <line num="6268" count="0" type="cond" truecount="0" falsecount="2"/>
      <line num="6269" count="0" type="stmt"/>
      <line num="6270" count="0" type="cond" truecount="0" falsecount="2"/>
      <line num="6271" count="0" type="stmt"/>
      <line num="6272" count="0" type="cond" truecount="0" falsecount="2"/>
      <line num="6273" count="0" type="stmt"/>
      <line num="6279" count="0" type="cond" truecount="0" falsecount="2"/>
      <line num="6282" count="0" type="cond" truecount="0" falsecount="2"/>
      <line num="6283" count="0" type="stmt"/>
      <line num="6284" count="0" type="stmt"/>
      <line num="6285" count="0" type="stmt"/>
      <line num="6286" count="0" type="cond" truecount="0" falsecount="2"/>
      <line num="6287" count="0" type="stmt"/>
      <line num="6291" count="0" type="stmt"/>
      <line num="6292" count="0" type="stmt"/>
      <line num="6293" count="0" type="stmt"/>
      <line num="6294" count="0" type="stmt"/>
      <line num="6301" count="0" type="cond" truecount="0" falsecount="2"/>
      <line num="6302" count="0" type="stmt"/>
      <line num="6303" count="0" type="stmt"/>
      <line num="6305" count="0" type="stmt"/>
      <line num="6306" count="0" type="cond" truecount="0" falsecount="2"/>
      <line num="6307" count="0" type="stmt"/>
      <line num="6308" count="0" type="cond" truecount="0" falsecount="4"/>
      <line num="6309" count="0" type="stmt"/>
      <line num="6310" count="0" type="stmt"/>
      <line num="6311" count="0" type="cond" truecount="0" falsecount="4"/>
      <line num="6312" count="0" type="stmt"/>
      <line num="6313" count="0" type="cond" truecount="0" falsecount="2"/>
      <line num="6315" count="0" type="stmt"/>
      <line num="6316" count="0" type="stmt"/>
      <line num="6319" count="0" type="stmt"/>
      <line num="6324" count="0" type="stmt"/>
      <line num="6325" count="0" type="cond" truecount="0" falsecount="2"/>
      <line num="6326" count="0" type="stmt"/>
      <line num="6327" count="0" type="cond" truecount="0" falsecount="2"/>
      <line num="6328" count="0" type="stmt"/>
      <line num="6330" count="0" type="stmt"/>
      <line num="6333" count="1" type="stmt"/>
      <line num="6334" count="1" type="stmt"/>
      <line num="6345" count="1" type="stmt"/>
      <line num="6367" count="1" type="stmt"/>
      <line num="6389" count="1" type="stmt"/>
      <line num="6390" count="1" type="stmt"/>
      <line num="6391" count="1" type="stmt"/>
      <line num="6392" count="1" type="stmt"/>
      <line num="6393" count="1" type="stmt"/>
      <line num="6395" count="1" type="stmt"/>
      <line num="6396" count="0" type="stmt"/>
      <line num="6399" count="1" type="stmt"/>
      <line num="6400" count="0" type="stmt"/>
      <line num="6404" count="0" type="stmt"/>
      <line num="6405" count="0" type="stmt"/>
      <line num="6406" count="0" type="stmt"/>
      <line num="6407" count="0" type="stmt"/>
      <line num="6408" count="0" type="cond" truecount="0" falsecount="2"/>
      <line num="6409" count="0" type="stmt"/>
      <line num="6412" count="0" type="stmt"/>
      <line num="6416" count="0" type="cond" truecount="0" falsecount="2"/>
      <line num="6417" count="0" type="cond" truecount="0" falsecount="2"/>
      <line num="6418" count="0" type="cond" truecount="0" falsecount="2"/>
      <line num="6419" count="0" type="stmt"/>
      <line num="6420" count="0" type="cond" truecount="0" falsecount="2"/>
      <line num="6424" count="0" type="stmt"/>
      <line num="6426" count="0" type="stmt"/>
      <line num="6427" count="0" type="stmt"/>
      <line num="6428" count="0" type="cond" truecount="0" falsecount="2"/>
      <line num="6429" count="0" type="stmt"/>
      <line num="6430" count="0" type="cond" truecount="0" falsecount="2"/>
      <line num="6431" count="0" type="stmt"/>
      <line num="6433" count="0" type="stmt"/>
      <line num="6434" count="0" type="stmt"/>
      <line num="6438" count="0" type="cond" truecount="0" falsecount="2"/>
      <line num="6439" count="0" type="stmt"/>
      <line num="6442" count="0" type="stmt"/>
      <line num="6443" count="0" type="stmt"/>
      <line num="6444" count="0" type="stmt"/>
      <line num="6448" count="0" type="stmt"/>
      <line num="6453" count="0" type="cond" truecount="0" falsecount="2"/>
      <line num="6454" count="0" type="stmt"/>
      <line num="6455" count="0" type="cond" truecount="0" falsecount="2"/>
      <line num="6458" count="0" type="stmt"/>
      <line num="6459" count="0" type="cond" truecount="0" falsecount="2"/>
      <line num="6460" count="0" type="stmt"/>
      <line num="6461" count="0" type="cond" truecount="0" falsecount="2"/>
      <line num="6462" count="0" type="stmt"/>
      <line num="6464" count="0" type="stmt"/>
      <line num="6465" count="0" type="cond" truecount="0" falsecount="2"/>
      <line num="6466" count="0" type="stmt"/>
      <line num="6467" count="0" type="cond" truecount="0" falsecount="2"/>
      <line num="6468" count="0" type="stmt"/>
      <line num="6470" count="0" type="stmt"/>
      <line num="6474" count="0" type="stmt"/>
      <line num="6475" count="0" type="stmt"/>
      <line num="6477" count="0" type="stmt"/>
      <line num="6478" count="0" type="stmt"/>
      <line num="6481" count="0" type="stmt"/>
      <line num="6482" count="0" type="stmt"/>
      <line num="6483" count="0" type="cond" truecount="0" falsecount="2"/>
      <line num="6484" count="0" type="stmt"/>
      <line num="6488" count="0" type="stmt"/>
      <line num="6489" count="0" type="stmt"/>
      <line num="6492" count="1" type="stmt"/>
      <line num="6493" count="1" type="stmt"/>
      <line num="6501" count="0" type="stmt"/>
      <line num="6506" count="0" type="stmt"/>
      <line num="6507" count="0" type="stmt"/>
      <line num="6511" count="0" type="stmt"/>
      <line num="6512" count="0" type="stmt"/>
      <line num="6515" count="1" type="stmt"/>
      <line num="6516" count="1" type="stmt"/>
      <line num="6523" count="1" type="stmt"/>
      <line num="6524" count="1" type="stmt"/>
      <line num="6525" count="1" type="stmt"/>
      <line num="6526" count="1" type="stmt"/>
      <line num="6527" count="1" type="stmt"/>
      <line num="6528" count="1" type="stmt"/>
      <line num="6529" count="1" type="stmt"/>
      <line num="6530" count="1" type="stmt"/>
      <line num="6531" count="1" type="stmt"/>
      <line num="6532" count="1" type="stmt"/>
      <line num="6533" count="1" type="stmt"/>
      <line num="6534" count="1" type="stmt"/>
      <line num="6535" count="1" type="stmt"/>
      <line num="6536" count="1" type="stmt"/>
      <line num="6537" count="1" type="stmt"/>
      <line num="6538" count="1" type="stmt"/>
      <line num="6539" count="1" type="stmt"/>
      <line num="6540" count="1" type="stmt"/>
      <line num="6541" count="1" type="stmt"/>
      <line num="6542" count="1" type="stmt"/>
      <line num="6543" count="1" type="stmt"/>
      <line num="6544" count="1" type="stmt"/>
      <line num="6545" count="1" type="stmt"/>
      <line num="6546" count="1" type="stmt"/>
      <line num="6547" count="1" type="stmt"/>
      <line num="6548" count="1" type="stmt"/>
      <line num="6549" count="1" type="stmt"/>
      <line num="6550" count="1" type="stmt"/>
      <line num="6553" count="1" type="stmt"/>
      <line num="6554" count="1" type="stmt"/>
      <line num="6555" count="1" type="stmt"/>
      <line num="6556" count="1" type="stmt"/>
      <line num="6557" count="1" type="stmt"/>
      <line num="6558" count="1" type="stmt"/>
      <line num="6559" count="1" type="stmt"/>
      <line num="6560" count="1" type="stmt"/>
      <line num="6561" count="1" type="stmt"/>
      <line num="6562" count="1" type="stmt"/>
      <line num="6564" count="1" type="stmt"/>
    </file>
    <file name="proj4leaflet.js" path="C:\Users\Ahmad\Desktop\work\Web-Map-Custom-Element\dist\proj4leaflet.js">
      <metrics statements="120" coveredstatements="39" conditionals="65" coveredconditionals="15" methods="21" coveredmethods="6"/>
      <line num="1" count="1" type="stmt"/>
      <line num="3" count="1" type="cond" truecount="2" falsecount="2"/>
      <line num="5" count="0" type="stmt"/>
      <line num="6" count="1" type="cond" truecount="3" falsecount="1"/>
      <line num="8" count="1" type="stmt"/>
      <line num="9" count="1" type="stmt"/>
      <line num="10" count="1" type="stmt"/>
      <line num="13" count="0" type="cond" truecount="0" falsecount="4"/>
      <line num="14" count="0" type="stmt"/>
      <line num="15" count="0" type="stmt"/>
      <line num="19" count="1" type="stmt"/>
      <line num="21" count="1" type="stmt"/>
      <line num="22" count="6" type="cond" truecount="1" falsecount="1"/>
      <line num="26" count="1" type="stmt"/>
      <line num="28" count="3" type="stmt"/>
      <line num="29" count="3" type="cond" truecount="1" falsecount="1"/>
      <line num="30" count="3" type="cond" truecount="1" falsecount="1"/>
      <line num="34" count="0" type="stmt"/>
      <line num="35" count="0" type="stmt"/>
      <line num="39" count="0" type="stmt"/>
      <line num="40" count="0" type="stmt"/>
      <line num="44" count="3" type="cond" truecount="1" falsecount="1"/>
      <line num="45" count="3" type="stmt"/>
      <line num="46" count="0" type="cond" truecount="0" falsecount="2"/>
      <line num="47" count="0" type="stmt"/>
      <line num="48" count="0" type="cond" truecount="0" falsecount="2"/>
      <line num="49" count="0" type="stmt"/>
      <line num="51" count="0" type="cond" truecount="0" falsecount="2"/>
      <line num="52" count="0" type="stmt"/>
      <line num="56" count="3" type="stmt"/>
      <line num="60" count="1" type="stmt"/>
      <line num="73" count="3" type="cond" truecount="1" falsecount="1"/>
      <line num="74" count="0" type="stmt"/>
      <line num="75" count="0" type="stmt"/>
      <line num="76" count="0" type="cond" truecount="0" falsecount="2"/>
      <line num="78" count="0" type="stmt"/>
      <line num="80" count="3" type="stmt"/>
      <line num="81" count="3" type="stmt"/>
      <line num="82" count="3" type="cond" truecount="1" falsecount="1"/>
      <line num="83" count="3" type="stmt"/>
      <line num="86" count="3" type="stmt"/>
      <line num="87" count="3" type="stmt"/>
      <line num="88" count="3" type="stmt"/>
      <line num="90" count="3" type="cond" truecount="1" falsecount="1"/>
      <line num="91" count="3" type="stmt"/>
      <line num="96" count="3" type="cond" truecount="1" falsecount="1"/>
      <line num="97" count="0" type="stmt"/>
      <line num="98" count="3" type="cond" truecount="1" falsecount="1"/>
      <line num="99" count="3" type="stmt"/>
      <line num="100" count="3" type="stmt"/>
      <line num="101" count="68" type="cond" truecount="1" falsecount="1"/>
      <line num="102" count="68" type="stmt"/>
      <line num="107" count="3" type="stmt"/>
      <line num="112" count="0" type="stmt"/>
      <line num="117" count="0" type="cond" truecount="0" falsecount="2"/>
      <line num="118" count="0" type="stmt"/>
      <line num="121" count="0" type="stmt"/>
      <line num="122" count="0" type="stmt"/>
      <line num="123" count="0" type="stmt"/>
      <line num="124" count="0" type="stmt"/>
      <line num="125" count="0" type="stmt"/>
      <line num="131" count="0" type="stmt"/>
      <line num="132" count="0" type="stmt"/>
      <line num="137" count="0" type="cond" truecount="0" falsecount="2"/>
      <line num="138" count="0" type="stmt"/>
      <line num="141" count="0" type="stmt"/>
      <line num="142" count="0" type="stmt"/>
      <line num="143" count="0" type="cond" truecount="0" falsecount="2"/>
      <line num="144" count="0" type="stmt"/>
      <line num="146" count="0" type="stmt"/>
      <line num="147" count="0" type="stmt"/>
      <line num="157" count="0" type="stmt"/>
      <line num="158" count="0" type="cond" truecount="0" falsecount="5"/>
      <line num="159" count="0" type="stmt"/>
      <line num="162" count="0" type="stmt"/>
      <line num="166" count="1" type="stmt"/>
      <line num="168" count="0" type="stmt"/>
      <line num="169" count="0" type="stmt"/>
      <line num="175" count="0" type="cond" truecount="0" falsecount="2"/>
      <line num="176" count="0" type="cond" truecount="0" falsecount="4"/>
      <line num="177" count="0" type="stmt"/>
      <line num="178" count="0" type="cond" truecount="0" falsecount="4"/>
      <line num="179" count="0" type="stmt"/>
      <line num="182" count="0" type="cond" truecount="0" falsecount="2"/>
      <line num="183" count="0" type="stmt"/>
      <line num="184" count="0" type="stmt"/>
      <line num="185" count="0" type="stmt"/>
      <line num="193" count="0" type="stmt"/>
      <line num="194" count="0" type="stmt"/>
      <line num="195" count="0" type="stmt"/>
      <line num="197" count="0" type="stmt"/>
      <line num="198" count="0" type="cond" truecount="0" falsecount="2"/>
      <line num="199" count="0" type="stmt"/>
      <line num="205" count="1" type="stmt"/>
      <line num="206" count="0" type="stmt"/>
      <line num="209" count="1" type="stmt"/>
      <line num="211" count="0" type="stmt"/>
      <line num="212" count="0" type="stmt"/>
      <line num="220" count="0" type="stmt"/>
      <line num="221" count="0" type="stmt"/>
      <line num="222" count="0" type="stmt"/>
      <line num="224" count="0" type="stmt"/>
      <line num="228" count="0" type="stmt"/>
      <line num="229" count="0" type="stmt"/>
      <line num="230" count="0" type="stmt"/>
      <line num="234" count="0" type="stmt"/>
      <line num="236" count="0" type="stmt"/>
      <line num="237" count="0" type="stmt"/>
      <line num="238" count="0" type="stmt"/>
      <line num="242" count="0" type="stmt"/>
      <line num="243" count="0" type="stmt"/>
      <line num="244" count="0" type="stmt"/>
      <line num="246" count="0" type="stmt"/>
      <line num="250" count="0" type="stmt"/>
      <line num="251" count="0" type="stmt"/>
      <line num="252" count="0" type="stmt"/>
      <line num="254" count="0" type="stmt"/>
      <line num="258" count="1" type="stmt"/>
      <line num="259" count="0" type="stmt"/>
      <line num="262" count="1" type="stmt"/>
    </file>
  </project>
</coverage>
